In file included from [01m[K/home/aubo-fy/aubo_ws/src/aubo_robot/aubo_driver/src/driver_node.cpp:35[m[K:
[01m[K/home/aubo-fy/aubo_ws/src/aubo_robot/aubo_driver/src/aubo_driver.cpp:[m[K In member function ‘[01m[Kbool aubo_driver::AuboDriver::setRobotJointsByMoveIt()[m[K’:
[01m[K/home/aubo-fy/aubo_ws/src/aubo_robot/aubo_driver/src/aubo_driver.cpp:327:1:[m[K [01;35m[Kwarning: [m[Kno return statement in function returning non-void [[01;35m[K-Wreturn-type[m[K]
  327 | [01;35m[K}[m[K
      | [01;35m[K^[m[K
In file included from [01m[K/home/aubo-fy/aubo_ws/src/aubo_robot/aubo_driver/src/testAuboAPI.cpp:33[m[K:
[01m[K/home/aubo-fy/aubo_ws/src/aubo_robot/aubo_driver/src/aubo_driver.cpp:[m[K In member function ‘[01m[Kbool aubo_driver::AuboDriver::setRobotJointsByMoveIt()[m[K’:
[01m[K/home/aubo-fy/aubo_ws/src/aubo_robot/aubo_driver/src/aubo_driver.cpp:327:1:[m[K [01;35m[Kwarning: [m[Kno return statement in function returning non-void [[01;35m[K-Wreturn-type[m[K]
  327 | [01;35m[K}[m[K
      | [01;35m[K^[m[K
[01m[K/home/aubo-fy/aubo_ws/src/aubo_robot/aubo_driver/src/aubo_driver.cpp:[m[K In member function ‘[01m[Kbool aubo_driver::AuboDriver::getFK(aubo_msgs::GetFKRequest&, aubo_msgs::GetFKResponse&)[m[K’:
[01m[K/home/aubo-fy/aubo_ws/src/aubo_robot/aubo_driver/src/aubo_driver.cpp:829:1:[m[K [01;35m[Kwarning: [m[Kno return statement in function returning non-void [[01;35m[K-Wreturn-type[m[K]
  829 | [01;35m[K}[m[K
      | [01;35m[K^[m[K
[01m[K/home/aubo-fy/aubo_ws/src/aubo_robot/aubo_driver/src/aubo_driver.cpp:[m[K In member function ‘[01m[Kbool aubo_driver::AuboDriver::getIK(aubo_msgs::GetIKRequest&, aubo_msgs::GetIKResponse&)[m[K’:
[01m[K/home/aubo-fy/aubo_ws/src/aubo_robot/aubo_driver/src/aubo_driver.cpp:846:1:[m[K [01;35m[Kwarning: [m[Kno return statement in function returning non-void [[01;35m[K-Wreturn-type[m[K]
  846 | [01;35m[K}[m[K
      | [01;35m[K^[m[K
[01m[K/home/aubo-fy/aubo_ws/src/aubo_robot/aubo_driver/src/aubo_driver.cpp:[m[K In member function ‘[01m[Kbool aubo_driver::AuboDriver::getFK(aubo_msgs::GetFKRequest&, aubo_msgs::GetFKResponse&)[m[K’:
[01m[K/home/aubo-fy/aubo_ws/src/aubo_robot/aubo_driver/src/aubo_driver.cpp:829:1:[m[K [01;35m[Kwarning: [m[Kno return statement in function returning non-void [[01;35m[K-Wreturn-type[m[K]
  829 | [01;35m[K}[m[K
      | [01;35m[K^[m[K
[01m[K/home/aubo-fy/aubo_ws/src/aubo_robot/aubo_driver/src/aubo_driver.cpp:[m[K In member function ‘[01m[Kbool aubo_driver::AuboDriver::getIK(aubo_msgs::GetIKRequest&, aubo_msgs::GetIKResponse&)[m[K’:
[01m[K/home/aubo-fy/aubo_ws/src/aubo_robot/aubo_driver/src/aubo_driver.cpp:846:1:[m[K [01;35m[Kwarning: [m[Kno return statement in function returning non-void [[01;35m[K-Wreturn-type[m[K]
  846 | [01;35m[K}[m[K
      | [01;35m[K^[m[K
