Linked: (/home/aubo-fy/aubo_ws/devel/.private/aubo_msgs/lib/pkgconfig/aubo_msgs.pc, /home/aubo-fy/aubo_ws/devel/lib/pkgconfig/aubo_msgs.pc)
Linked: (/home/aubo-fy/aubo_ws/devel/.private/aubo_msgs/lib/python3/dist-packages/aubo_msgs/__init__.py, /home/aubo-fy/aubo_ws/devel/lib/python3/dist-packages/aubo_msgs/__init__.py)
Linked: (/home/aubo-fy/aubo_ws/devel/.private/aubo_msgs/lib/python3/dist-packages/aubo_msgs/srv/_GetFK.py, /home/aubo-fy/aubo_ws/devel/lib/python3/dist-packages/aubo_msgs/srv/_GetFK.py)
Linked: (/home/aubo-fy/aubo_ws/devel/.private/aubo_msgs/lib/python3/dist-packages/aubo_msgs/srv/_SetPayload.py, /home/aubo-fy/aubo_ws/devel/lib/python3/dist-packages/aubo_msgs/srv/_SetPayload.py)
Linked: (/home/aubo-fy/aubo_ws/devel/.private/aubo_msgs/lib/python3/dist-packages/aubo_msgs/srv/_GetIK.py, /home/aubo-fy/aubo_ws/devel/lib/python3/dist-packages/aubo_msgs/srv/_GetIK.py)
Linked: (/home/aubo-fy/aubo_ws/devel/.private/aubo_msgs/lib/python3/dist-packages/aubo_msgs/srv/__init__.py, /home/aubo-fy/aubo_ws/devel/lib/python3/dist-packages/aubo_msgs/srv/__init__.py)
Linked: (/home/aubo-fy/aubo_ws/devel/.private/aubo_msgs/lib/python3/dist-packages/aubo_msgs/srv/_SetIO.py, /home/aubo-fy/aubo_ws/devel/lib/python3/dist-packages/aubo_msgs/srv/_SetIO.py)
Linked: (/home/aubo-fy/aubo_ws/devel/.private/aubo_msgs/lib/python3/dist-packages/aubo_msgs/msg/_GoalPoint.py, /home/aubo-fy/aubo_ws/devel/lib/python3/dist-packages/aubo_msgs/msg/_GoalPoint.py)
Linked: (/home/aubo-fy/aubo_ws/devel/.private/aubo_msgs/lib/python3/dist-packages/aubo_msgs/msg/_Digital.py, /home/aubo-fy/aubo_ws/devel/lib/python3/dist-packages/aubo_msgs/msg/_Digital.py)
Linked: (/home/aubo-fy/aubo_ws/devel/.private/aubo_msgs/lib/python3/dist-packages/aubo_msgs/msg/_Analog.py, /home/aubo-fy/aubo_ws/devel/lib/python3/dist-packages/aubo_msgs/msg/_Analog.py)
Linked: (/home/aubo-fy/aubo_ws/devel/.private/aubo_msgs/lib/python3/dist-packages/aubo_msgs/msg/_TraPoint.py, /home/aubo-fy/aubo_ws/devel/lib/python3/dist-packages/aubo_msgs/msg/_TraPoint.py)
Linked: (/home/aubo-fy/aubo_ws/devel/.private/aubo_msgs/lib/python3/dist-packages/aubo_msgs/msg/_IOState.py, /home/aubo-fy/aubo_ws/devel/lib/python3/dist-packages/aubo_msgs/msg/_IOState.py)
Linked: (/home/aubo-fy/aubo_ws/devel/.private/aubo_msgs/lib/python3/dist-packages/aubo_msgs/msg/_JointPos.py, /home/aubo-fy/aubo_ws/devel/lib/python3/dist-packages/aubo_msgs/msg/_JointPos.py)
Linked: (/home/aubo-fy/aubo_ws/devel/.private/aubo_msgs/lib/python3/dist-packages/aubo_msgs/msg/__init__.py, /home/aubo-fy/aubo_ws/devel/lib/python3/dist-packages/aubo_msgs/msg/__init__.py)
Linked: (/home/aubo-fy/aubo_ws/devel/.private/aubo_msgs/include/aubo_msgs/GetIKRequest.h, /home/aubo-fy/aubo_ws/devel/include/aubo_msgs/GetIKRequest.h)
Linked: (/home/aubo-fy/aubo_ws/devel/.private/aubo_msgs/include/aubo_msgs/GetFKRequest.h, /home/aubo-fy/aubo_ws/devel/include/aubo_msgs/GetFKRequest.h)
Linked: (/home/aubo-fy/aubo_ws/devel/.private/aubo_msgs/include/aubo_msgs/GetFK.h, /home/aubo-fy/aubo_ws/devel/include/aubo_msgs/GetFK.h)
Linked: (/home/aubo-fy/aubo_ws/devel/.private/aubo_msgs/include/aubo_msgs/SetIOResponse.h, /home/aubo-fy/aubo_ws/devel/include/aubo_msgs/SetIOResponse.h)
Linked: (/home/aubo-fy/aubo_ws/devel/.private/aubo_msgs/include/aubo_msgs/SetIORequest.h, /home/aubo-fy/aubo_ws/devel/include/aubo_msgs/SetIORequest.h)
Linked: (/home/aubo-fy/aubo_ws/devel/.private/aubo_msgs/include/aubo_msgs/JointPos.h, /home/aubo-fy/aubo_ws/devel/include/aubo_msgs/JointPos.h)
Linked: (/home/aubo-fy/aubo_ws/devel/.private/aubo_msgs/include/aubo_msgs/TraPoint.h, /home/aubo-fy/aubo_ws/devel/include/aubo_msgs/TraPoint.h)
Linked: (/home/aubo-fy/aubo_ws/devel/.private/aubo_msgs/include/aubo_msgs/Analog.h, /home/aubo-fy/aubo_ws/devel/include/aubo_msgs/Analog.h)
Linked: (/home/aubo-fy/aubo_ws/devel/.private/aubo_msgs/include/aubo_msgs/GetIKResponse.h, /home/aubo-fy/aubo_ws/devel/include/aubo_msgs/GetIKResponse.h)
Linked: (/home/aubo-fy/aubo_ws/devel/.private/aubo_msgs/include/aubo_msgs/IOState.h, /home/aubo-fy/aubo_ws/devel/include/aubo_msgs/IOState.h)
Linked: (/home/aubo-fy/aubo_ws/devel/.private/aubo_msgs/include/aubo_msgs/GetIK.h, /home/aubo-fy/aubo_ws/devel/include/aubo_msgs/GetIK.h)
Linked: (/home/aubo-fy/aubo_ws/devel/.private/aubo_msgs/include/aubo_msgs/SetIO.h, /home/aubo-fy/aubo_ws/devel/include/aubo_msgs/SetIO.h)
Linked: (/home/aubo-fy/aubo_ws/devel/.private/aubo_msgs/include/aubo_msgs/SetPayloadRequest.h, /home/aubo-fy/aubo_ws/devel/include/aubo_msgs/SetPayloadRequest.h)
Linked: (/home/aubo-fy/aubo_ws/devel/.private/aubo_msgs/include/aubo_msgs/GetFKResponse.h, /home/aubo-fy/aubo_ws/devel/include/aubo_msgs/GetFKResponse.h)
Linked: (/home/aubo-fy/aubo_ws/devel/.private/aubo_msgs/include/aubo_msgs/SetPayloadResponse.h, /home/aubo-fy/aubo_ws/devel/include/aubo_msgs/SetPayloadResponse.h)
Linked: (/home/aubo-fy/aubo_ws/devel/.private/aubo_msgs/include/aubo_msgs/SetPayload.h, /home/aubo-fy/aubo_ws/devel/include/aubo_msgs/SetPayload.h)
Linked: (/home/aubo-fy/aubo_ws/devel/.private/aubo_msgs/include/aubo_msgs/Digital.h, /home/aubo-fy/aubo_ws/devel/include/aubo_msgs/Digital.h)
Linked: (/home/aubo-fy/aubo_ws/devel/.private/aubo_msgs/include/aubo_msgs/GoalPoint.h, /home/aubo-fy/aubo_ws/devel/include/aubo_msgs/GoalPoint.h)
Linked: (/home/aubo-fy/aubo_ws/devel/.private/aubo_msgs/share/aubo_msgs/cmake/aubo_msgs-msg-extras.cmake, /home/aubo-fy/aubo_ws/devel/share/aubo_msgs/cmake/aubo_msgs-msg-extras.cmake)
Linked: (/home/aubo-fy/aubo_ws/devel/.private/aubo_msgs/share/aubo_msgs/cmake/aubo_msgsConfig-version.cmake, /home/aubo-fy/aubo_ws/devel/share/aubo_msgs/cmake/aubo_msgsConfig-version.cmake)
Linked: (/home/aubo-fy/aubo_ws/devel/.private/aubo_msgs/share/aubo_msgs/cmake/aubo_msgsConfig.cmake, /home/aubo-fy/aubo_ws/devel/share/aubo_msgs/cmake/aubo_msgsConfig.cmake)
Linked: (/home/aubo-fy/aubo_ws/devel/.private/aubo_msgs/share/aubo_msgs/cmake/aubo_msgs-msg-paths.cmake, /home/aubo-fy/aubo_ws/devel/share/aubo_msgs/cmake/aubo_msgs-msg-paths.cmake)
Linked: (/home/aubo-fy/aubo_ws/devel/.private/aubo_msgs/share/common-lisp/ros/aubo_msgs/srv/_package.lisp, /home/aubo-fy/aubo_ws/devel/share/common-lisp/ros/aubo_msgs/srv/_package.lisp)
Linked: (/home/aubo-fy/aubo_ws/devel/.private/aubo_msgs/share/common-lisp/ros/aubo_msgs/srv/SetPayload.lisp, /home/aubo-fy/aubo_ws/devel/share/common-lisp/ros/aubo_msgs/srv/SetPayload.lisp)
Linked: (/home/aubo-fy/aubo_ws/devel/.private/aubo_msgs/share/common-lisp/ros/aubo_msgs/srv/aubo_msgs-srv.asd, /home/aubo-fy/aubo_ws/devel/share/common-lisp/ros/aubo_msgs/srv/aubo_msgs-srv.asd)
Linked: (/home/aubo-fy/aubo_ws/devel/.private/aubo_msgs/share/common-lisp/ros/aubo_msgs/srv/_package_GetFK.lisp, /home/aubo-fy/aubo_ws/devel/share/common-lisp/ros/aubo_msgs/srv/_package_GetFK.lisp)
Linked: (/home/aubo-fy/aubo_ws/devel/.private/aubo_msgs/share/common-lisp/ros/aubo_msgs/srv/_package_SetIO.lisp, /home/aubo-fy/aubo_ws/devel/share/common-lisp/ros/aubo_msgs/srv/_package_SetIO.lisp)
Linked: (/home/aubo-fy/aubo_ws/devel/.private/aubo_msgs/share/common-lisp/ros/aubo_msgs/srv/_package_SetPayload.lisp, /home/aubo-fy/aubo_ws/devel/share/common-lisp/ros/aubo_msgs/srv/_package_SetPayload.lisp)
Linked: (/home/aubo-fy/aubo_ws/devel/.private/aubo_msgs/share/common-lisp/ros/aubo_msgs/srv/_package_GetIK.lisp, /home/aubo-fy/aubo_ws/devel/share/common-lisp/ros/aubo_msgs/srv/_package_GetIK.lisp)
Linked: (/home/aubo-fy/aubo_ws/devel/.private/aubo_msgs/share/common-lisp/ros/aubo_msgs/srv/GetFK.lisp, /home/aubo-fy/aubo_ws/devel/share/common-lisp/ros/aubo_msgs/srv/GetFK.lisp)
Linked: (/home/aubo-fy/aubo_ws/devel/.private/aubo_msgs/share/common-lisp/ros/aubo_msgs/srv/GetIK.lisp, /home/aubo-fy/aubo_ws/devel/share/common-lisp/ros/aubo_msgs/srv/GetIK.lisp)
Linked: (/home/aubo-fy/aubo_ws/devel/.private/aubo_msgs/share/common-lisp/ros/aubo_msgs/srv/SetIO.lisp, /home/aubo-fy/aubo_ws/devel/share/common-lisp/ros/aubo_msgs/srv/SetIO.lisp)
Linked: (/home/aubo-fy/aubo_ws/devel/.private/aubo_msgs/share/common-lisp/ros/aubo_msgs/msg/_package_GoalPoint.lisp, /home/aubo-fy/aubo_ws/devel/share/common-lisp/ros/aubo_msgs/msg/_package_GoalPoint.lisp)
Linked: (/home/aubo-fy/aubo_ws/devel/.private/aubo_msgs/share/common-lisp/ros/aubo_msgs/msg/_package.lisp, /home/aubo-fy/aubo_ws/devel/share/common-lisp/ros/aubo_msgs/msg/_package.lisp)
Linked: (/home/aubo-fy/aubo_ws/devel/.private/aubo_msgs/share/common-lisp/ros/aubo_msgs/msg/_package_IOState.lisp, /home/aubo-fy/aubo_ws/devel/share/common-lisp/ros/aubo_msgs/msg/_package_IOState.lisp)
Linked: (/home/aubo-fy/aubo_ws/devel/.private/aubo_msgs/share/common-lisp/ros/aubo_msgs/msg/_package_Analog.lisp, /home/aubo-fy/aubo_ws/devel/share/common-lisp/ros/aubo_msgs/msg/_package_Analog.lisp)
Linked: (/home/aubo-fy/aubo_ws/devel/.private/aubo_msgs/share/common-lisp/ros/aubo_msgs/msg/Digital.lisp, /home/aubo-fy/aubo_ws/devel/share/common-lisp/ros/aubo_msgs/msg/Digital.lisp)
Linked: (/home/aubo-fy/aubo_ws/devel/.private/aubo_msgs/share/common-lisp/ros/aubo_msgs/msg/GoalPoint.lisp, /home/aubo-fy/aubo_ws/devel/share/common-lisp/ros/aubo_msgs/msg/GoalPoint.lisp)
Linked: (/home/aubo-fy/aubo_ws/devel/.private/aubo_msgs/share/common-lisp/ros/aubo_msgs/msg/IOState.lisp, /home/aubo-fy/aubo_ws/devel/share/common-lisp/ros/aubo_msgs/msg/IOState.lisp)
Linked: (/home/aubo-fy/aubo_ws/devel/.private/aubo_msgs/share/common-lisp/ros/aubo_msgs/msg/Analog.lisp, /home/aubo-fy/aubo_ws/devel/share/common-lisp/ros/aubo_msgs/msg/Analog.lisp)
Linked: (/home/aubo-fy/aubo_ws/devel/.private/aubo_msgs/share/common-lisp/ros/aubo_msgs/msg/TraPoint.lisp, /home/aubo-fy/aubo_ws/devel/share/common-lisp/ros/aubo_msgs/msg/TraPoint.lisp)
Linked: (/home/aubo-fy/aubo_ws/devel/.private/aubo_msgs/share/common-lisp/ros/aubo_msgs/msg/_package_JointPos.lisp, /home/aubo-fy/aubo_ws/devel/share/common-lisp/ros/aubo_msgs/msg/_package_JointPos.lisp)
Linked: (/home/aubo-fy/aubo_ws/devel/.private/aubo_msgs/share/common-lisp/ros/aubo_msgs/msg/JointPos.lisp, /home/aubo-fy/aubo_ws/devel/share/common-lisp/ros/aubo_msgs/msg/JointPos.lisp)
Linked: (/home/aubo-fy/aubo_ws/devel/.private/aubo_msgs/share/common-lisp/ros/aubo_msgs/msg/aubo_msgs-msg.asd, /home/aubo-fy/aubo_ws/devel/share/common-lisp/ros/aubo_msgs/msg/aubo_msgs-msg.asd)
Linked: (/home/aubo-fy/aubo_ws/devel/.private/aubo_msgs/share/common-lisp/ros/aubo_msgs/msg/_package_Digital.lisp, /home/aubo-fy/aubo_ws/devel/share/common-lisp/ros/aubo_msgs/msg/_package_Digital.lisp)
Linked: (/home/aubo-fy/aubo_ws/devel/.private/aubo_msgs/share/common-lisp/ros/aubo_msgs/msg/_package_TraPoint.lisp, /home/aubo-fy/aubo_ws/devel/share/common-lisp/ros/aubo_msgs/msg/_package_TraPoint.lisp)
Linked: (/home/aubo-fy/aubo_ws/devel/.private/aubo_msgs/share/gennodejs/ros/aubo_msgs/_index.js, /home/aubo-fy/aubo_ws/devel/share/gennodejs/ros/aubo_msgs/_index.js)
Linked: (/home/aubo-fy/aubo_ws/devel/.private/aubo_msgs/share/gennodejs/ros/aubo_msgs/srv/GetFK.js, /home/aubo-fy/aubo_ws/devel/share/gennodejs/ros/aubo_msgs/srv/GetFK.js)
Linked: (/home/aubo-fy/aubo_ws/devel/.private/aubo_msgs/share/gennodejs/ros/aubo_msgs/srv/_index.js, /home/aubo-fy/aubo_ws/devel/share/gennodejs/ros/aubo_msgs/srv/_index.js)
Linked: (/home/aubo-fy/aubo_ws/devel/.private/aubo_msgs/share/gennodejs/ros/aubo_msgs/srv/SetIO.js, /home/aubo-fy/aubo_ws/devel/share/gennodejs/ros/aubo_msgs/srv/SetIO.js)
Linked: (/home/aubo-fy/aubo_ws/devel/.private/aubo_msgs/share/gennodejs/ros/aubo_msgs/srv/SetPayload.js, /home/aubo-fy/aubo_ws/devel/share/gennodejs/ros/aubo_msgs/srv/SetPayload.js)
Linked: (/home/aubo-fy/aubo_ws/devel/.private/aubo_msgs/share/gennodejs/ros/aubo_msgs/srv/GetIK.js, /home/aubo-fy/aubo_ws/devel/share/gennodejs/ros/aubo_msgs/srv/GetIK.js)
Linked: (/home/aubo-fy/aubo_ws/devel/.private/aubo_msgs/share/gennodejs/ros/aubo_msgs/msg/TraPoint.js, /home/aubo-fy/aubo_ws/devel/share/gennodejs/ros/aubo_msgs/msg/TraPoint.js)
Linked: (/home/aubo-fy/aubo_ws/devel/.private/aubo_msgs/share/gennodejs/ros/aubo_msgs/msg/Digital.js, /home/aubo-fy/aubo_ws/devel/share/gennodejs/ros/aubo_msgs/msg/Digital.js)
Linked: (/home/aubo-fy/aubo_ws/devel/.private/aubo_msgs/share/gennodejs/ros/aubo_msgs/msg/_index.js, /home/aubo-fy/aubo_ws/devel/share/gennodejs/ros/aubo_msgs/msg/_index.js)
Linked: (/home/aubo-fy/aubo_ws/devel/.private/aubo_msgs/share/gennodejs/ros/aubo_msgs/msg/IOState.js, /home/aubo-fy/aubo_ws/devel/share/gennodejs/ros/aubo_msgs/msg/IOState.js)
Linked: (/home/aubo-fy/aubo_ws/devel/.private/aubo_msgs/share/gennodejs/ros/aubo_msgs/msg/Analog.js, /home/aubo-fy/aubo_ws/devel/share/gennodejs/ros/aubo_msgs/msg/Analog.js)
Linked: (/home/aubo-fy/aubo_ws/devel/.private/aubo_msgs/share/gennodejs/ros/aubo_msgs/msg/JointPos.js, /home/aubo-fy/aubo_ws/devel/share/gennodejs/ros/aubo_msgs/msg/JointPos.js)
Linked: (/home/aubo-fy/aubo_ws/devel/.private/aubo_msgs/share/gennodejs/ros/aubo_msgs/msg/GoalPoint.js, /home/aubo-fy/aubo_ws/devel/share/gennodejs/ros/aubo_msgs/msg/GoalPoint.js)
Linked: (/home/aubo-fy/aubo_ws/devel/.private/aubo_msgs/share/roseus/ros/aubo_msgs/manifest.l, /home/aubo-fy/aubo_ws/devel/share/roseus/ros/aubo_msgs/manifest.l)
Linked: (/home/aubo-fy/aubo_ws/devel/.private/aubo_msgs/share/roseus/ros/aubo_msgs/srv/GetFK.l, /home/aubo-fy/aubo_ws/devel/share/roseus/ros/aubo_msgs/srv/GetFK.l)
Linked: (/home/aubo-fy/aubo_ws/devel/.private/aubo_msgs/share/roseus/ros/aubo_msgs/srv/SetPayload.l, /home/aubo-fy/aubo_ws/devel/share/roseus/ros/aubo_msgs/srv/SetPayload.l)
Linked: (/home/aubo-fy/aubo_ws/devel/.private/aubo_msgs/share/roseus/ros/aubo_msgs/srv/SetIO.l, /home/aubo-fy/aubo_ws/devel/share/roseus/ros/aubo_msgs/srv/SetIO.l)
Linked: (/home/aubo-fy/aubo_ws/devel/.private/aubo_msgs/share/roseus/ros/aubo_msgs/srv/GetIK.l, /home/aubo-fy/aubo_ws/devel/share/roseus/ros/aubo_msgs/srv/GetIK.l)
Linked: (/home/aubo-fy/aubo_ws/devel/.private/aubo_msgs/share/roseus/ros/aubo_msgs/msg/TraPoint.l, /home/aubo-fy/aubo_ws/devel/share/roseus/ros/aubo_msgs/msg/TraPoint.l)
Linked: (/home/aubo-fy/aubo_ws/devel/.private/aubo_msgs/share/roseus/ros/aubo_msgs/msg/JointPos.l, /home/aubo-fy/aubo_ws/devel/share/roseus/ros/aubo_msgs/msg/JointPos.l)
Linked: (/home/aubo-fy/aubo_ws/devel/.private/aubo_msgs/share/roseus/ros/aubo_msgs/msg/Analog.l, /home/aubo-fy/aubo_ws/devel/share/roseus/ros/aubo_msgs/msg/Analog.l)
Linked: (/home/aubo-fy/aubo_ws/devel/.private/aubo_msgs/share/roseus/ros/aubo_msgs/msg/Digital.l, /home/aubo-fy/aubo_ws/devel/share/roseus/ros/aubo_msgs/msg/Digital.l)
Linked: (/home/aubo-fy/aubo_ws/devel/.private/aubo_msgs/share/roseus/ros/aubo_msgs/msg/IOState.l, /home/aubo-fy/aubo_ws/devel/share/roseus/ros/aubo_msgs/msg/IOState.l)
Linked: (/home/aubo-fy/aubo_ws/devel/.private/aubo_msgs/share/roseus/ros/aubo_msgs/msg/GoalPoint.l, /home/aubo-fy/aubo_ws/devel/share/roseus/ros/aubo_msgs/msg/GoalPoint.l)
