Linked: (/home/aubo-fy/aubo_ws/devel/.private/visp_camera_calibration/lib/libvisp_camera_calibration_common.so, /home/aubo-fy/aubo_ws/devel/lib/libvisp_camera_calibration_common.so)
Linked: (/home/aubo-fy/aubo_ws/devel/.private/visp_camera_calibration/lib/visp_camera_calibration/visp_camera_calibration_calibrator, /home/aubo-fy/aubo_ws/devel/lib/visp_camera_calibration/visp_camera_calibration_calibrator)
Linked: (/home/aubo-fy/aubo_ws/devel/.private/visp_camera_calibration/lib/visp_camera_calibration/visp_camera_calibration_image_processing, /home/aubo-fy/aubo_ws/devel/lib/visp_camera_calibration/visp_camera_calibration_image_processing)
Linked: (/home/aubo-fy/aubo_ws/devel/.private/visp_camera_calibration/lib/visp_camera_calibration/visp_camera_calibration_camera, /home/aubo-fy/aubo_ws/devel/lib/visp_camera_calibration/visp_camera_calibration_camera)
Linked: (/home/aubo-fy/aubo_ws/devel/.private/visp_camera_calibration/lib/pkgconfig/visp_camera_calibration.pc, /home/aubo-fy/aubo_ws/devel/lib/pkgconfig/visp_camera_calibration.pc)
Linked: (/home/aubo-fy/aubo_ws/devel/.private/visp_camera_calibration/lib/python3/dist-packages/visp_camera_calibration/__init__.py, /home/aubo-fy/aubo_ws/devel/lib/python3/dist-packages/visp_camera_calibration/__init__.py)
Linked: (/home/aubo-fy/aubo_ws/devel/.private/visp_camera_calibration/lib/python3/dist-packages/visp_camera_calibration/srv/_calibrate.py, /home/aubo-fy/aubo_ws/devel/lib/python3/dist-packages/visp_camera_calibration/srv/_calibrate.py)
Linked: (/home/aubo-fy/aubo_ws/devel/.private/visp_camera_calibration/lib/python3/dist-packages/visp_camera_calibration/srv/__init__.py, /home/aubo-fy/aubo_ws/devel/lib/python3/dist-packages/visp_camera_calibration/srv/__init__.py)
Linked: (/home/aubo-fy/aubo_ws/devel/.private/visp_camera_calibration/lib/python3/dist-packages/visp_camera_calibration/msg/_CalibPoint.py, /home/aubo-fy/aubo_ws/devel/lib/python3/dist-packages/visp_camera_calibration/msg/_CalibPoint.py)
Linked: (/home/aubo-fy/aubo_ws/devel/.private/visp_camera_calibration/lib/python3/dist-packages/visp_camera_calibration/msg/_CalibPointArray.py, /home/aubo-fy/aubo_ws/devel/lib/python3/dist-packages/visp_camera_calibration/msg/_CalibPointArray.py)
Linked: (/home/aubo-fy/aubo_ws/devel/.private/visp_camera_calibration/lib/python3/dist-packages/visp_camera_calibration/msg/_ImagePoint.py, /home/aubo-fy/aubo_ws/devel/lib/python3/dist-packages/visp_camera_calibration/msg/_ImagePoint.py)
Linked: (/home/aubo-fy/aubo_ws/devel/.private/visp_camera_calibration/lib/python3/dist-packages/visp_camera_calibration/msg/_ImageAndPoints.py, /home/aubo-fy/aubo_ws/devel/lib/python3/dist-packages/visp_camera_calibration/msg/_ImageAndPoints.py)
Linked: (/home/aubo-fy/aubo_ws/devel/.private/visp_camera_calibration/lib/python3/dist-packages/visp_camera_calibration/msg/__init__.py, /home/aubo-fy/aubo_ws/devel/lib/python3/dist-packages/visp_camera_calibration/msg/__init__.py)
Linked: (/home/aubo-fy/aubo_ws/devel/.private/visp_camera_calibration/include/visp_camera_calibration/calibrateRequest.h, /home/aubo-fy/aubo_ws/devel/include/visp_camera_calibration/calibrateRequest.h)
Linked: (/home/aubo-fy/aubo_ws/devel/.private/visp_camera_calibration/include/visp_camera_calibration/CalibPointArray.h, /home/aubo-fy/aubo_ws/devel/include/visp_camera_calibration/CalibPointArray.h)
Linked: (/home/aubo-fy/aubo_ws/devel/.private/visp_camera_calibration/include/visp_camera_calibration/calibrateResponse.h, /home/aubo-fy/aubo_ws/devel/include/visp_camera_calibration/calibrateResponse.h)
Linked: (/home/aubo-fy/aubo_ws/devel/.private/visp_camera_calibration/include/visp_camera_calibration/ImageAndPoints.h, /home/aubo-fy/aubo_ws/devel/include/visp_camera_calibration/ImageAndPoints.h)
Linked: (/home/aubo-fy/aubo_ws/devel/.private/visp_camera_calibration/include/visp_camera_calibration/CalibPoint.h, /home/aubo-fy/aubo_ws/devel/include/visp_camera_calibration/CalibPoint.h)
Linked: (/home/aubo-fy/aubo_ws/devel/.private/visp_camera_calibration/include/visp_camera_calibration/ImagePoint.h, /home/aubo-fy/aubo_ws/devel/include/visp_camera_calibration/ImagePoint.h)
Linked: (/home/aubo-fy/aubo_ws/devel/.private/visp_camera_calibration/include/visp_camera_calibration/calibrate.h, /home/aubo-fy/aubo_ws/devel/include/visp_camera_calibration/calibrate.h)
Linked: (/home/aubo-fy/aubo_ws/devel/.private/visp_camera_calibration/share/visp_camera_calibration/cmake/visp_camera_calibration-msg-extras.cmake, /home/aubo-fy/aubo_ws/devel/share/visp_camera_calibration/cmake/visp_camera_calibration-msg-extras.cmake)
Linked: (/home/aubo-fy/aubo_ws/devel/.private/visp_camera_calibration/share/visp_camera_calibration/cmake/visp_camera_calibration-msg-paths.cmake, /home/aubo-fy/aubo_ws/devel/share/visp_camera_calibration/cmake/visp_camera_calibration-msg-paths.cmake)
Linked: (/home/aubo-fy/aubo_ws/devel/.private/visp_camera_calibration/share/visp_camera_calibration/cmake/visp_camera_calibrationConfig-version.cmake, /home/aubo-fy/aubo_ws/devel/share/visp_camera_calibration/cmake/visp_camera_calibrationConfig-version.cmake)
Linked: (/home/aubo-fy/aubo_ws/devel/.private/visp_camera_calibration/share/visp_camera_calibration/cmake/visp_camera_calibrationConfig.cmake, /home/aubo-fy/aubo_ws/devel/share/visp_camera_calibration/cmake/visp_camera_calibrationConfig.cmake)
Linked: (/home/aubo-fy/aubo_ws/devel/.private/visp_camera_calibration/share/common-lisp/ros/visp_camera_calibration/srv/_package.lisp, /home/aubo-fy/aubo_ws/devel/share/common-lisp/ros/visp_camera_calibration/srv/_package.lisp)
Linked: (/home/aubo-fy/aubo_ws/devel/.private/visp_camera_calibration/share/common-lisp/ros/visp_camera_calibration/srv/_package_calibrate.lisp, /home/aubo-fy/aubo_ws/devel/share/common-lisp/ros/visp_camera_calibration/srv/_package_calibrate.lisp)
Linked: (/home/aubo-fy/aubo_ws/devel/.private/visp_camera_calibration/share/common-lisp/ros/visp_camera_calibration/srv/visp_camera_calibration-srv.asd, /home/aubo-fy/aubo_ws/devel/share/common-lisp/ros/visp_camera_calibration/srv/visp_camera_calibration-srv.asd)
Linked: (/home/aubo-fy/aubo_ws/devel/.private/visp_camera_calibration/share/common-lisp/ros/visp_camera_calibration/srv/calibrate.lisp, /home/aubo-fy/aubo_ws/devel/share/common-lisp/ros/visp_camera_calibration/srv/calibrate.lisp)
Linked: (/home/aubo-fy/aubo_ws/devel/.private/visp_camera_calibration/share/common-lisp/ros/visp_camera_calibration/msg/CalibPoint.lisp, /home/aubo-fy/aubo_ws/devel/share/common-lisp/ros/visp_camera_calibration/msg/CalibPoint.lisp)
Linked: (/home/aubo-fy/aubo_ws/devel/.private/visp_camera_calibration/share/common-lisp/ros/visp_camera_calibration/msg/visp_camera_calibration-msg.asd, /home/aubo-fy/aubo_ws/devel/share/common-lisp/ros/visp_camera_calibration/msg/visp_camera_calibration-msg.asd)
Linked: (/home/aubo-fy/aubo_ws/devel/.private/visp_camera_calibration/share/common-lisp/ros/visp_camera_calibration/msg/ImageAndPoints.lisp, /home/aubo-fy/aubo_ws/devel/share/common-lisp/ros/visp_camera_calibration/msg/ImageAndPoints.lisp)
Linked: (/home/aubo-fy/aubo_ws/devel/.private/visp_camera_calibration/share/common-lisp/ros/visp_camera_calibration/msg/_package.lisp, /home/aubo-fy/aubo_ws/devel/share/common-lisp/ros/visp_camera_calibration/msg/_package.lisp)
Linked: (/home/aubo-fy/aubo_ws/devel/.private/visp_camera_calibration/share/common-lisp/ros/visp_camera_calibration/msg/_package_CalibPoint.lisp, /home/aubo-fy/aubo_ws/devel/share/common-lisp/ros/visp_camera_calibration/msg/_package_CalibPoint.lisp)
Linked: (/home/aubo-fy/aubo_ws/devel/.private/visp_camera_calibration/share/common-lisp/ros/visp_camera_calibration/msg/CalibPointArray.lisp, /home/aubo-fy/aubo_ws/devel/share/common-lisp/ros/visp_camera_calibration/msg/CalibPointArray.lisp)
Linked: (/home/aubo-fy/aubo_ws/devel/.private/visp_camera_calibration/share/common-lisp/ros/visp_camera_calibration/msg/_package_ImagePoint.lisp, /home/aubo-fy/aubo_ws/devel/share/common-lisp/ros/visp_camera_calibration/msg/_package_ImagePoint.lisp)
Linked: (/home/aubo-fy/aubo_ws/devel/.private/visp_camera_calibration/share/common-lisp/ros/visp_camera_calibration/msg/_package_CalibPointArray.lisp, /home/aubo-fy/aubo_ws/devel/share/common-lisp/ros/visp_camera_calibration/msg/_package_CalibPointArray.lisp)
Linked: (/home/aubo-fy/aubo_ws/devel/.private/visp_camera_calibration/share/common-lisp/ros/visp_camera_calibration/msg/_package_ImageAndPoints.lisp, /home/aubo-fy/aubo_ws/devel/share/common-lisp/ros/visp_camera_calibration/msg/_package_ImageAndPoints.lisp)
Linked: (/home/aubo-fy/aubo_ws/devel/.private/visp_camera_calibration/share/common-lisp/ros/visp_camera_calibration/msg/ImagePoint.lisp, /home/aubo-fy/aubo_ws/devel/share/common-lisp/ros/visp_camera_calibration/msg/ImagePoint.lisp)
Linked: (/home/aubo-fy/aubo_ws/devel/.private/visp_camera_calibration/share/gennodejs/ros/visp_camera_calibration/_index.js, /home/aubo-fy/aubo_ws/devel/share/gennodejs/ros/visp_camera_calibration/_index.js)
Linked: (/home/aubo-fy/aubo_ws/devel/.private/visp_camera_calibration/share/gennodejs/ros/visp_camera_calibration/srv/calibrate.js, /home/aubo-fy/aubo_ws/devel/share/gennodejs/ros/visp_camera_calibration/srv/calibrate.js)
Linked: (/home/aubo-fy/aubo_ws/devel/.private/visp_camera_calibration/share/gennodejs/ros/visp_camera_calibration/srv/_index.js, /home/aubo-fy/aubo_ws/devel/share/gennodejs/ros/visp_camera_calibration/srv/_index.js)
Linked: (/home/aubo-fy/aubo_ws/devel/.private/visp_camera_calibration/share/gennodejs/ros/visp_camera_calibration/msg/ImageAndPoints.js, /home/aubo-fy/aubo_ws/devel/share/gennodejs/ros/visp_camera_calibration/msg/ImageAndPoints.js)
Linked: (/home/aubo-fy/aubo_ws/devel/.private/visp_camera_calibration/share/gennodejs/ros/visp_camera_calibration/msg/ImagePoint.js, /home/aubo-fy/aubo_ws/devel/share/gennodejs/ros/visp_camera_calibration/msg/ImagePoint.js)
Linked: (/home/aubo-fy/aubo_ws/devel/.private/visp_camera_calibration/share/gennodejs/ros/visp_camera_calibration/msg/_index.js, /home/aubo-fy/aubo_ws/devel/share/gennodejs/ros/visp_camera_calibration/msg/_index.js)
Linked: (/home/aubo-fy/aubo_ws/devel/.private/visp_camera_calibration/share/gennodejs/ros/visp_camera_calibration/msg/CalibPoint.js, /home/aubo-fy/aubo_ws/devel/share/gennodejs/ros/visp_camera_calibration/msg/CalibPoint.js)
Linked: (/home/aubo-fy/aubo_ws/devel/.private/visp_camera_calibration/share/gennodejs/ros/visp_camera_calibration/msg/CalibPointArray.js, /home/aubo-fy/aubo_ws/devel/share/gennodejs/ros/visp_camera_calibration/msg/CalibPointArray.js)
Linked: (/home/aubo-fy/aubo_ws/devel/.private/visp_camera_calibration/share/roseus/ros/visp_camera_calibration/manifest.l, /home/aubo-fy/aubo_ws/devel/share/roseus/ros/visp_camera_calibration/manifest.l)
Linked: (/home/aubo-fy/aubo_ws/devel/.private/visp_camera_calibration/share/roseus/ros/visp_camera_calibration/srv/calibrate.l, /home/aubo-fy/aubo_ws/devel/share/roseus/ros/visp_camera_calibration/srv/calibrate.l)
Linked: (/home/aubo-fy/aubo_ws/devel/.private/visp_camera_calibration/share/roseus/ros/visp_camera_calibration/msg/ImagePoint.l, /home/aubo-fy/aubo_ws/devel/share/roseus/ros/visp_camera_calibration/msg/ImagePoint.l)
Linked: (/home/aubo-fy/aubo_ws/devel/.private/visp_camera_calibration/share/roseus/ros/visp_camera_calibration/msg/ImageAndPoints.l, /home/aubo-fy/aubo_ws/devel/share/roseus/ros/visp_camera_calibration/msg/ImageAndPoints.l)
Linked: (/home/aubo-fy/aubo_ws/devel/.private/visp_camera_calibration/share/roseus/ros/visp_camera_calibration/msg/CalibPoint.l, /home/aubo-fy/aubo_ws/devel/share/roseus/ros/visp_camera_calibration/msg/CalibPoint.l)
Linked: (/home/aubo-fy/aubo_ws/devel/.private/visp_camera_calibration/share/roseus/ros/visp_camera_calibration/msg/CalibPointArray.l, /home/aubo-fy/aubo_ws/devel/share/roseus/ros/visp_camera_calibration/msg/CalibPointArray.l)
