[  0%] Built target std_msgs_generate_messages_cpp
[  0%] Built target rosgraph_msgs_generate_messages_nodejs
[  0%] Built target geometry_msgs_generate_messages_cpp
[  0%] Built target sensor_msgs_generate_messages_cpp
[  0%] Built target geometry_msgs_generate_messages_nodejs
[  0%] Built target roscpp_generate_messages_py
[  0%] Built target rosgraph_msgs_generate_messages_py
[  0%] Built target sensor_msgs_generate_messages_nodejs
[  0%] Built target std_msgs_generate_messages_py
[  0%] Built target sensor_msgs_generate_messages_lisp
[  0%] Built target std_msgs_generate_messages_lisp
[  0%] Built target sensor_msgs_generate_messages_eus
[  0%] Built target sensor_msgs_generate_messages_py
[  0%] Built target geometry_msgs_generate_messages_lisp
[  0%] Built target rosgraph_msgs_generate_messages_cpp
[  0%] Built target std_msgs_generate_messages_nodejs
[  2%] Built target std_msgs_generate_messages_eus
[  5%] Built target roscpp_generate_messages_lisp
[  5%] Built target visp_camera_calibration_common
[  5%] Built target geometry_msgs_generate_messages_py
[  5%] Built target geometry_msgs_generate_messages_eus
[  5%] Built target roscpp_generate_messages_cpp
[  5%] Built target roscpp_generate_messages_nodejs
[  5%] Built target rosgraph_msgs_generate_messages_eus
[  5%] Built target roscpp_generate_messages_eus
[  5%] Built target rosgraph_msgs_generate_messages_lisp
[  5%] Built target _visp_camera_calibration_generate_messages_check_deps_ImageAndPoints
[  5%] Built target _visp_camera_calibration_generate_messages_check_deps_ImagePoint
[  5%] Built target _visp_camera_calibration_generate_messages_check_deps_CalibPointArray
[  5%] Built target _visp_camera_calibration_generate_messages_check_deps_CalibPoint
[  5%] Built target _visp_camera_calibration_generate_messages_check_deps_calibrate
[ 17%] Built target visp_camera_calibration_generate_messages_cpp
[ 48%] Built target visp_camera_calibration_generate_messages_nodejs
[ 48%] Built target visp_camera_calibration_generate_messages_py
[ 61%] Built target visp_camera_calibration_generate_messages_lisp
[ 76%] Built target visp_camera_calibration_generate_messages_eus
[ 76%] Built target visp_camera_calibration_gencpp
[ 76%] Built target visp_camera_calibration_generate_messages
[ 84%] Built target visp_camera_calibration_calibrator
[ 92%] Built target visp_camera_calibration_camera
[100%] Built target visp_camera_calibration_image_processing
