Symlinking /home/aubo-fy/aubo_ws/devel/lib/libvisp_camera_calibration_common.so
Symlinking /home/aubo-fy/aubo_ws/devel/lib/visp_camera_calibration/visp_camera_calibration_calibrator
Symlinking /home/aubo-fy/aubo_ws/devel/lib/visp_camera_calibration/visp_camera_calibration_image_processing
Symlinking /home/aubo-fy/aubo_ws/devel/lib/visp_camera_calibration/visp_camera_calibration_camera
Symlinking /home/aubo-fy/aubo_ws/devel/lib/pkgconfig/visp_camera_calibration.pc
Symlinking /home/aubo-fy/aubo_ws/devel/lib/python3/dist-packages/visp_camera_calibration/__init__.py
Symlinking /home/aubo-fy/aubo_ws/devel/lib/python3/dist-packages/visp_camera_calibration/srv/_calibrate.py
Symlinking /home/aubo-fy/aubo_ws/devel/lib/python3/dist-packages/visp_camera_calibration/srv/__init__.py
Symlinking /home/aubo-fy/aubo_ws/devel/lib/python3/dist-packages/visp_camera_calibration/msg/_CalibPoint.py
Symlinking /home/aubo-fy/aubo_ws/devel/lib/python3/dist-packages/visp_camera_calibration/msg/_CalibPointArray.py
Symlinking /home/aubo-fy/aubo_ws/devel/lib/python3/dist-packages/visp_camera_calibration/msg/_ImagePoint.py
Symlinking /home/aubo-fy/aubo_ws/devel/lib/python3/dist-packages/visp_camera_calibration/msg/_ImageAndPoints.py
Symlinking /home/aubo-fy/aubo_ws/devel/lib/python3/dist-packages/visp_camera_calibration/msg/__init__.py
Symlinking /home/aubo-fy/aubo_ws/devel/include/visp_camera_calibration/calibrateRequest.h
Symlinking /home/aubo-fy/aubo_ws/devel/include/visp_camera_calibration/CalibPointArray.h
Symlinking /home/aubo-fy/aubo_ws/devel/include/visp_camera_calibration/calibrateResponse.h
Symlinking /home/aubo-fy/aubo_ws/devel/include/visp_camera_calibration/ImageAndPoints.h
Symlinking /home/aubo-fy/aubo_ws/devel/include/visp_camera_calibration/CalibPoint.h
Symlinking /home/aubo-fy/aubo_ws/devel/include/visp_camera_calibration/ImagePoint.h
Symlinking /home/aubo-fy/aubo_ws/devel/include/visp_camera_calibration/calibrate.h
Symlinking /home/aubo-fy/aubo_ws/devel/share/visp_camera_calibration/cmake/visp_camera_calibration-msg-extras.cmake
Symlinking /home/aubo-fy/aubo_ws/devel/share/visp_camera_calibration/cmake/visp_camera_calibration-msg-paths.cmake
Symlinking /home/aubo-fy/aubo_ws/devel/share/visp_camera_calibration/cmake/visp_camera_calibrationConfig-version.cmake
Symlinking /home/aubo-fy/aubo_ws/devel/share/visp_camera_calibration/cmake/visp_camera_calibrationConfig.cmake
Symlinking /home/aubo-fy/aubo_ws/devel/share/common-lisp/ros/visp_camera_calibration/srv/_package.lisp
Symlinking /home/aubo-fy/aubo_ws/devel/share/common-lisp/ros/visp_camera_calibration/srv/_package_calibrate.lisp
Symlinking /home/aubo-fy/aubo_ws/devel/share/common-lisp/ros/visp_camera_calibration/srv/visp_camera_calibration-srv.asd
Symlinking /home/aubo-fy/aubo_ws/devel/share/common-lisp/ros/visp_camera_calibration/srv/calibrate.lisp
Symlinking /home/aubo-fy/aubo_ws/devel/share/common-lisp/ros/visp_camera_calibration/msg/CalibPoint.lisp
Symlinking /home/aubo-fy/aubo_ws/devel/share/common-lisp/ros/visp_camera_calibration/msg/visp_camera_calibration-msg.asd
Symlinking /home/aubo-fy/aubo_ws/devel/share/common-lisp/ros/visp_camera_calibration/msg/ImageAndPoints.lisp
Symlinking /home/aubo-fy/aubo_ws/devel/share/common-lisp/ros/visp_camera_calibration/msg/_package.lisp
Symlinking /home/aubo-fy/aubo_ws/devel/share/common-lisp/ros/visp_camera_calibration/msg/_package_CalibPoint.lisp
Symlinking /home/aubo-fy/aubo_ws/devel/share/common-lisp/ros/visp_camera_calibration/msg/CalibPointArray.lisp
Symlinking /home/aubo-fy/aubo_ws/devel/share/common-lisp/ros/visp_camera_calibration/msg/_package_ImagePoint.lisp
Symlinking /home/aubo-fy/aubo_ws/devel/share/common-lisp/ros/visp_camera_calibration/msg/_package_CalibPointArray.lisp
Symlinking /home/aubo-fy/aubo_ws/devel/share/common-lisp/ros/visp_camera_calibration/msg/_package_ImageAndPoints.lisp
Symlinking /home/aubo-fy/aubo_ws/devel/share/common-lisp/ros/visp_camera_calibration/msg/ImagePoint.lisp
Symlinking /home/aubo-fy/aubo_ws/devel/share/gennodejs/ros/visp_camera_calibration/_index.js
Symlinking /home/aubo-fy/aubo_ws/devel/share/gennodejs/ros/visp_camera_calibration/srv/calibrate.js
Symlinking /home/aubo-fy/aubo_ws/devel/share/gennodejs/ros/visp_camera_calibration/srv/_index.js
Symlinking /home/aubo-fy/aubo_ws/devel/share/gennodejs/ros/visp_camera_calibration/msg/ImageAndPoints.js
Symlinking /home/aubo-fy/aubo_ws/devel/share/gennodejs/ros/visp_camera_calibration/msg/ImagePoint.js
Symlinking /home/aubo-fy/aubo_ws/devel/share/gennodejs/ros/visp_camera_calibration/msg/_index.js
Symlinking /home/aubo-fy/aubo_ws/devel/share/gennodejs/ros/visp_camera_calibration/msg/CalibPoint.js
Symlinking /home/aubo-fy/aubo_ws/devel/share/gennodejs/ros/visp_camera_calibration/msg/CalibPointArray.js
Symlinking /home/aubo-fy/aubo_ws/devel/share/roseus/ros/visp_camera_calibration/manifest.l
Symlinking /home/aubo-fy/aubo_ws/devel/share/roseus/ros/visp_camera_calibration/srv/calibrate.l
Symlinking /home/aubo-fy/aubo_ws/devel/share/roseus/ros/visp_camera_calibration/msg/ImagePoint.l
Symlinking /home/aubo-fy/aubo_ws/devel/share/roseus/ros/visp_camera_calibration/msg/ImageAndPoints.l
Symlinking /home/aubo-fy/aubo_ws/devel/share/roseus/ros/visp_camera_calibration/msg/CalibPoint.l
Symlinking /home/aubo-fy/aubo_ws/devel/share/roseus/ros/visp_camera_calibration/msg/CalibPointArray.l
