Linked: (/home/aubo-fy/aubo_ws/devel/.private/visp_hand2eye_calibration/lib/libvisp_hand2eye_calibration_common.so, /home/aubo-fy/aubo_ws/devel/lib/libvisp_hand2eye_calibration_common.so)
Linked: (/home/aubo-fy/aubo_ws/devel/.private/visp_hand2eye_calibration/lib/pkgconfig/visp_hand2eye_calibration.pc, /home/aubo-fy/aubo_ws/devel/lib/pkgconfig/visp_hand2eye_calibration.pc)
Linked: (/home/aubo-fy/aubo_ws/devel/.private/visp_hand2eye_calibration/lib/python3/dist-packages/visp_hand2eye_calibration/__init__.py, /home/aubo-fy/aubo_ws/devel/lib/python3/dist-packages/visp_hand2eye_calibration/__init__.py)
Linked: (/home/aubo-fy/aubo_ws/devel/.private/visp_hand2eye_calibration/lib/python3/dist-packages/visp_hand2eye_calibration/srv/_reset.py, /home/aubo-fy/aubo_ws/devel/lib/python3/dist-packages/visp_hand2eye_calibration/srv/_reset.py)
Linked: (/home/aubo-fy/aubo_ws/devel/.private/visp_hand2eye_calibration/lib/python3/dist-packages/visp_hand2eye_calibration/srv/_compute_effector_camera_quick.py, /home/aubo-fy/aubo_ws/devel/lib/python3/dist-packages/visp_hand2eye_calibration/srv/_compute_effector_camera_quick.py)
Linked: (/home/aubo-fy/aubo_ws/devel/.private/visp_hand2eye_calibration/lib/python3/dist-packages/visp_hand2eye_calibration/srv/_compute_effector_camera.py, /home/aubo-fy/aubo_ws/devel/lib/python3/dist-packages/visp_hand2eye_calibration/srv/_compute_effector_camera.py)
Linked: (/home/aubo-fy/aubo_ws/devel/.private/visp_hand2eye_calibration/lib/python3/dist-packages/visp_hand2eye_calibration/srv/__init__.py, /home/aubo-fy/aubo_ws/devel/lib/python3/dist-packages/visp_hand2eye_calibration/srv/__init__.py)
Linked: (/home/aubo-fy/aubo_ws/devel/.private/visp_hand2eye_calibration/lib/python3/dist-packages/visp_hand2eye_calibration/msg/_TransformArray.py, /home/aubo-fy/aubo_ws/devel/lib/python3/dist-packages/visp_hand2eye_calibration/msg/_TransformArray.py)
Linked: (/home/aubo-fy/aubo_ws/devel/.private/visp_hand2eye_calibration/lib/python3/dist-packages/visp_hand2eye_calibration/msg/__init__.py, /home/aubo-fy/aubo_ws/devel/lib/python3/dist-packages/visp_hand2eye_calibration/msg/__init__.py)
Linked: (/home/aubo-fy/aubo_ws/devel/.private/visp_hand2eye_calibration/lib/visp_hand2eye_calibration/visp_hand2eye_calibration_calibrator, /home/aubo-fy/aubo_ws/devel/lib/visp_hand2eye_calibration/visp_hand2eye_calibration_calibrator)
Linked: (/home/aubo-fy/aubo_ws/devel/.private/visp_hand2eye_calibration/lib/visp_hand2eye_calibration/visp_hand2eye_calibration_client, /home/aubo-fy/aubo_ws/devel/lib/visp_hand2eye_calibration/visp_hand2eye_calibration_client)
Linked: (/home/aubo-fy/aubo_ws/devel/.private/visp_hand2eye_calibration/include/visp_hand2eye_calibration/resetResponse.h, /home/aubo-fy/aubo_ws/devel/include/visp_hand2eye_calibration/resetResponse.h)
Linked: (/home/aubo-fy/aubo_ws/devel/.private/visp_hand2eye_calibration/include/visp_hand2eye_calibration/TransformArray.h, /home/aubo-fy/aubo_ws/devel/include/visp_hand2eye_calibration/TransformArray.h)
Linked: (/home/aubo-fy/aubo_ws/devel/.private/visp_hand2eye_calibration/include/visp_hand2eye_calibration/resetRequest.h, /home/aubo-fy/aubo_ws/devel/include/visp_hand2eye_calibration/resetRequest.h)
Linked: (/home/aubo-fy/aubo_ws/devel/.private/visp_hand2eye_calibration/include/visp_hand2eye_calibration/compute_effector_camera.h, /home/aubo-fy/aubo_ws/devel/include/visp_hand2eye_calibration/compute_effector_camera.h)
Linked: (/home/aubo-fy/aubo_ws/devel/.private/visp_hand2eye_calibration/include/visp_hand2eye_calibration/reset.h, /home/aubo-fy/aubo_ws/devel/include/visp_hand2eye_calibration/reset.h)
Linked: (/home/aubo-fy/aubo_ws/devel/.private/visp_hand2eye_calibration/include/visp_hand2eye_calibration/compute_effector_cameraRequest.h, /home/aubo-fy/aubo_ws/devel/include/visp_hand2eye_calibration/compute_effector_cameraRequest.h)
Linked: (/home/aubo-fy/aubo_ws/devel/.private/visp_hand2eye_calibration/include/visp_hand2eye_calibration/compute_effector_cameraResponse.h, /home/aubo-fy/aubo_ws/devel/include/visp_hand2eye_calibration/compute_effector_cameraResponse.h)
Linked: (/home/aubo-fy/aubo_ws/devel/.private/visp_hand2eye_calibration/include/visp_hand2eye_calibration/compute_effector_camera_quick.h, /home/aubo-fy/aubo_ws/devel/include/visp_hand2eye_calibration/compute_effector_camera_quick.h)
Linked: (/home/aubo-fy/aubo_ws/devel/.private/visp_hand2eye_calibration/include/visp_hand2eye_calibration/compute_effector_camera_quickRequest.h, /home/aubo-fy/aubo_ws/devel/include/visp_hand2eye_calibration/compute_effector_camera_quickRequest.h)
Linked: (/home/aubo-fy/aubo_ws/devel/.private/visp_hand2eye_calibration/include/visp_hand2eye_calibration/compute_effector_camera_quickResponse.h, /home/aubo-fy/aubo_ws/devel/include/visp_hand2eye_calibration/compute_effector_camera_quickResponse.h)
Linked: (/home/aubo-fy/aubo_ws/devel/.private/visp_hand2eye_calibration/share/common-lisp/ros/visp_hand2eye_calibration/srv/_package.lisp, /home/aubo-fy/aubo_ws/devel/share/common-lisp/ros/visp_hand2eye_calibration/srv/_package.lisp)
Linked: (/home/aubo-fy/aubo_ws/devel/.private/visp_hand2eye_calibration/share/common-lisp/ros/visp_hand2eye_calibration/srv/_package_compute_effector_camera.lisp, /home/aubo-fy/aubo_ws/devel/share/common-lisp/ros/visp_hand2eye_calibration/srv/_package_compute_effector_camera.lisp)
Linked: (/home/aubo-fy/aubo_ws/devel/.private/visp_hand2eye_calibration/share/common-lisp/ros/visp_hand2eye_calibration/srv/_package_reset.lisp, /home/aubo-fy/aubo_ws/devel/share/common-lisp/ros/visp_hand2eye_calibration/srv/_package_reset.lisp)
Linked: (/home/aubo-fy/aubo_ws/devel/.private/visp_hand2eye_calibration/share/common-lisp/ros/visp_hand2eye_calibration/srv/compute_effector_camera_quick.lisp, /home/aubo-fy/aubo_ws/devel/share/common-lisp/ros/visp_hand2eye_calibration/srv/compute_effector_camera_quick.lisp)
Linked: (/home/aubo-fy/aubo_ws/devel/.private/visp_hand2eye_calibration/share/common-lisp/ros/visp_hand2eye_calibration/srv/visp_hand2eye_calibration-srv.asd, /home/aubo-fy/aubo_ws/devel/share/common-lisp/ros/visp_hand2eye_calibration/srv/visp_hand2eye_calibration-srv.asd)
Linked: (/home/aubo-fy/aubo_ws/devel/.private/visp_hand2eye_calibration/share/common-lisp/ros/visp_hand2eye_calibration/srv/_package_compute_effector_camera_quick.lisp, /home/aubo-fy/aubo_ws/devel/share/common-lisp/ros/visp_hand2eye_calibration/srv/_package_compute_effector_camera_quick.lisp)
Linked: (/home/aubo-fy/aubo_ws/devel/.private/visp_hand2eye_calibration/share/common-lisp/ros/visp_hand2eye_calibration/srv/reset.lisp, /home/aubo-fy/aubo_ws/devel/share/common-lisp/ros/visp_hand2eye_calibration/srv/reset.lisp)
Linked: (/home/aubo-fy/aubo_ws/devel/.private/visp_hand2eye_calibration/share/common-lisp/ros/visp_hand2eye_calibration/srv/compute_effector_camera.lisp, /home/aubo-fy/aubo_ws/devel/share/common-lisp/ros/visp_hand2eye_calibration/srv/compute_effector_camera.lisp)
Linked: (/home/aubo-fy/aubo_ws/devel/.private/visp_hand2eye_calibration/share/common-lisp/ros/visp_hand2eye_calibration/msg/_package.lisp, /home/aubo-fy/aubo_ws/devel/share/common-lisp/ros/visp_hand2eye_calibration/msg/_package.lisp)
Linked: (/home/aubo-fy/aubo_ws/devel/.private/visp_hand2eye_calibration/share/common-lisp/ros/visp_hand2eye_calibration/msg/visp_hand2eye_calibration-msg.asd, /home/aubo-fy/aubo_ws/devel/share/common-lisp/ros/visp_hand2eye_calibration/msg/visp_hand2eye_calibration-msg.asd)
Linked: (/home/aubo-fy/aubo_ws/devel/.private/visp_hand2eye_calibration/share/common-lisp/ros/visp_hand2eye_calibration/msg/TransformArray.lisp, /home/aubo-fy/aubo_ws/devel/share/common-lisp/ros/visp_hand2eye_calibration/msg/TransformArray.lisp)
Linked: (/home/aubo-fy/aubo_ws/devel/.private/visp_hand2eye_calibration/share/common-lisp/ros/visp_hand2eye_calibration/msg/_package_TransformArray.lisp, /home/aubo-fy/aubo_ws/devel/share/common-lisp/ros/visp_hand2eye_calibration/msg/_package_TransformArray.lisp)
Linked: (/home/aubo-fy/aubo_ws/devel/.private/visp_hand2eye_calibration/share/gennodejs/ros/visp_hand2eye_calibration/_index.js, /home/aubo-fy/aubo_ws/devel/share/gennodejs/ros/visp_hand2eye_calibration/_index.js)
Linked: (/home/aubo-fy/aubo_ws/devel/.private/visp_hand2eye_calibration/share/gennodejs/ros/visp_hand2eye_calibration/srv/compute_effector_camera.js, /home/aubo-fy/aubo_ws/devel/share/gennodejs/ros/visp_hand2eye_calibration/srv/compute_effector_camera.js)
Linked: (/home/aubo-fy/aubo_ws/devel/.private/visp_hand2eye_calibration/share/gennodejs/ros/visp_hand2eye_calibration/srv/reset.js, /home/aubo-fy/aubo_ws/devel/share/gennodejs/ros/visp_hand2eye_calibration/srv/reset.js)
Linked: (/home/aubo-fy/aubo_ws/devel/.private/visp_hand2eye_calibration/share/gennodejs/ros/visp_hand2eye_calibration/srv/_index.js, /home/aubo-fy/aubo_ws/devel/share/gennodejs/ros/visp_hand2eye_calibration/srv/_index.js)
Linked: (/home/aubo-fy/aubo_ws/devel/.private/visp_hand2eye_calibration/share/gennodejs/ros/visp_hand2eye_calibration/srv/compute_effector_camera_quick.js, /home/aubo-fy/aubo_ws/devel/share/gennodejs/ros/visp_hand2eye_calibration/srv/compute_effector_camera_quick.js)
Linked: (/home/aubo-fy/aubo_ws/devel/.private/visp_hand2eye_calibration/share/gennodejs/ros/visp_hand2eye_calibration/msg/_index.js, /home/aubo-fy/aubo_ws/devel/share/gennodejs/ros/visp_hand2eye_calibration/msg/_index.js)
Linked: (/home/aubo-fy/aubo_ws/devel/.private/visp_hand2eye_calibration/share/gennodejs/ros/visp_hand2eye_calibration/msg/TransformArray.js, /home/aubo-fy/aubo_ws/devel/share/gennodejs/ros/visp_hand2eye_calibration/msg/TransformArray.js)
Linked: (/home/aubo-fy/aubo_ws/devel/.private/visp_hand2eye_calibration/share/roseus/ros/visp_hand2eye_calibration/manifest.l, /home/aubo-fy/aubo_ws/devel/share/roseus/ros/visp_hand2eye_calibration/manifest.l)
Linked: (/home/aubo-fy/aubo_ws/devel/.private/visp_hand2eye_calibration/share/roseus/ros/visp_hand2eye_calibration/srv/compute_effector_camera.l, /home/aubo-fy/aubo_ws/devel/share/roseus/ros/visp_hand2eye_calibration/srv/compute_effector_camera.l)
Linked: (/home/aubo-fy/aubo_ws/devel/.private/visp_hand2eye_calibration/share/roseus/ros/visp_hand2eye_calibration/srv/reset.l, /home/aubo-fy/aubo_ws/devel/share/roseus/ros/visp_hand2eye_calibration/srv/reset.l)
Linked: (/home/aubo-fy/aubo_ws/devel/.private/visp_hand2eye_calibration/share/roseus/ros/visp_hand2eye_calibration/srv/compute_effector_camera_quick.l, /home/aubo-fy/aubo_ws/devel/share/roseus/ros/visp_hand2eye_calibration/srv/compute_effector_camera_quick.l)
Linked: (/home/aubo-fy/aubo_ws/devel/.private/visp_hand2eye_calibration/share/roseus/ros/visp_hand2eye_calibration/msg/TransformArray.l, /home/aubo-fy/aubo_ws/devel/share/roseus/ros/visp_hand2eye_calibration/msg/TransformArray.l)
Linked: (/home/aubo-fy/aubo_ws/devel/.private/visp_hand2eye_calibration/share/visp_hand2eye_calibration/cmake/visp_hand2eye_calibration-msg-extras.cmake, /home/aubo-fy/aubo_ws/devel/share/visp_hand2eye_calibration/cmake/visp_hand2eye_calibration-msg-extras.cmake)
Linked: (/home/aubo-fy/aubo_ws/devel/.private/visp_hand2eye_calibration/share/visp_hand2eye_calibration/cmake/visp_hand2eye_calibrationConfig.cmake, /home/aubo-fy/aubo_ws/devel/share/visp_hand2eye_calibration/cmake/visp_hand2eye_calibrationConfig.cmake)
Linked: (/home/aubo-fy/aubo_ws/devel/.private/visp_hand2eye_calibration/share/visp_hand2eye_calibration/cmake/visp_hand2eye_calibrationConfig-version.cmake, /home/aubo-fy/aubo_ws/devel/share/visp_hand2eye_calibration/cmake/visp_hand2eye_calibrationConfig-version.cmake)
Linked: (/home/aubo-fy/aubo_ws/devel/.private/visp_hand2eye_calibration/share/visp_hand2eye_calibration/cmake/visp_hand2eye_calibration-msg-paths.cmake, /home/aubo-fy/aubo_ws/devel/share/visp_hand2eye_calibration/cmake/visp_hand2eye_calibration-msg-paths.cmake)
