[  0%] Built target std_msgs_generate_messages_eus
[  0%] Built target sensor_msgs_generate_messages_cpp
[  0%] Built target std_msgs_generate_messages_lisp
[  0%] Built target rosgraph_msgs_generate_messages_nodejs
[  0%] Built target rosgraph_msgs_generate_messages_lisp
[  0%] Built target std_msgs_generate_messages_cpp
[  0%] Built target roscpp_generate_messages_lisp
[  0%] Built target geometry_msgs_generate_messages_cpp
[  0%] Built target rosgraph_msgs_generate_messages_cpp
[  0%] Built target roscpp_generate_messages_nodejs
[  0%] Built target geometry_msgs_generate_messages_lisp
[  0%] Built target rosgraph_msgs_generate_messages_py
[  0%] Built target sensor_msgs_generate_messages_nodejs
[  0%] Built target sensor_msgs_generate_messages_py
[  0%] Built target sensor_msgs_generate_messages_lisp
[  0%] Built target geometry_msgs_generate_messages_py
[  0%] Built target geometry_msgs_generate_messages_nodejs
[  0%] Built target geometry_msgs_generate_messages_eus
[  0%] Built target image_proc_gencfg
[  0%] Built target sensor_msgs_generate_messages_eus
[  0%] Built target std_msgs_generate_messages_py
[  0%] Built target std_msgs_generate_messages_nodejs
[  0%] Built target roscpp_generate_messages_cpp
[  0%] Built target roscpp_generate_messages_eus
[  0%] Built target roscpp_generate_messages_py
[  0%] Built target rosgraph_msgs_generate_messages_eus
[  0%] Built target _visp_hand2eye_calibration_generate_messages_check_deps_TransformArray
[  0%] Built target _visp_hand2eye_calibration_generate_messages_check_deps_compute_effector_camera
[  6%] Built target visp_hand2eye_calibration_common
[  6%] Built target _visp_hand2eye_calibration_generate_messages_check_deps_reset
[  6%] Built target _visp_hand2eye_calibration_generate_messages_check_deps_compute_effector_camera_quick
[ 29%] Built target visp_hand2eye_calibration_generate_messages_nodejs
[ 32%] Built target visp_hand2eye_calibration_generate_messages_cpp
[ 45%] Built target visp_hand2eye_calibration_generate_messages_lisp
[ 61%] Built target visp_hand2eye_calibration_generate_messages_eus
[ 80%] Built target visp_hand2eye_calibration_generate_messages_py
[ 80%] Built target visp_hand2eye_calibration_gencpp
[ 80%] Built target visp_hand2eye_calibration_generate_messages
[ 90%] Built target visp_hand2eye_calibration_client
[100%] Built target visp_hand2eye_calibration_calibrator
