Symlinking /home/aubo-fy/aubo_ws/devel/lib/libvisp_hand2eye_calibration_common.so
Symlinking /home/aubo-fy/aubo_ws/devel/lib/pkgconfig/visp_hand2eye_calibration.pc
Symlinking /home/aubo-fy/aubo_ws/devel/lib/python3/dist-packages/visp_hand2eye_calibration/__init__.py
Symlinking /home/aubo-fy/aubo_ws/devel/lib/python3/dist-packages/visp_hand2eye_calibration/srv/_reset.py
Symlinking /home/aubo-fy/aubo_ws/devel/lib/python3/dist-packages/visp_hand2eye_calibration/srv/_compute_effector_camera_quick.py
Symlinking /home/aubo-fy/aubo_ws/devel/lib/python3/dist-packages/visp_hand2eye_calibration/srv/_compute_effector_camera.py
Symlinking /home/aubo-fy/aubo_ws/devel/lib/python3/dist-packages/visp_hand2eye_calibration/srv/__init__.py
Symlinking /home/aubo-fy/aubo_ws/devel/lib/python3/dist-packages/visp_hand2eye_calibration/msg/_TransformArray.py
Symlinking /home/aubo-fy/aubo_ws/devel/lib/python3/dist-packages/visp_hand2eye_calibration/msg/__init__.py
Symlinking /home/aubo-fy/aubo_ws/devel/lib/visp_hand2eye_calibration/visp_hand2eye_calibration_calibrator
Symlinking /home/aubo-fy/aubo_ws/devel/lib/visp_hand2eye_calibration/visp_hand2eye_calibration_client
Symlinking /home/aubo-fy/aubo_ws/devel/include/visp_hand2eye_calibration/resetResponse.h
Symlinking /home/aubo-fy/aubo_ws/devel/include/visp_hand2eye_calibration/TransformArray.h
Symlinking /home/aubo-fy/aubo_ws/devel/include/visp_hand2eye_calibration/resetRequest.h
Symlinking /home/aubo-fy/aubo_ws/devel/include/visp_hand2eye_calibration/compute_effector_camera.h
Symlinking /home/aubo-fy/aubo_ws/devel/include/visp_hand2eye_calibration/reset.h
Symlinking /home/aubo-fy/aubo_ws/devel/include/visp_hand2eye_calibration/compute_effector_cameraRequest.h
Symlinking /home/aubo-fy/aubo_ws/devel/include/visp_hand2eye_calibration/compute_effector_cameraResponse.h
Symlinking /home/aubo-fy/aubo_ws/devel/include/visp_hand2eye_calibration/compute_effector_camera_quick.h
Symlinking /home/aubo-fy/aubo_ws/devel/include/visp_hand2eye_calibration/compute_effector_camera_quickRequest.h
Symlinking /home/aubo-fy/aubo_ws/devel/include/visp_hand2eye_calibration/compute_effector_camera_quickResponse.h
Symlinking /home/aubo-fy/aubo_ws/devel/share/common-lisp/ros/visp_hand2eye_calibration/srv/_package.lisp
Symlinking /home/aubo-fy/aubo_ws/devel/share/common-lisp/ros/visp_hand2eye_calibration/srv/_package_compute_effector_camera.lisp
Symlinking /home/aubo-fy/aubo_ws/devel/share/common-lisp/ros/visp_hand2eye_calibration/srv/_package_reset.lisp
Symlinking /home/aubo-fy/aubo_ws/devel/share/common-lisp/ros/visp_hand2eye_calibration/srv/compute_effector_camera_quick.lisp
Symlinking /home/aubo-fy/aubo_ws/devel/share/common-lisp/ros/visp_hand2eye_calibration/srv/visp_hand2eye_calibration-srv.asd
Symlinking /home/aubo-fy/aubo_ws/devel/share/common-lisp/ros/visp_hand2eye_calibration/srv/_package_compute_effector_camera_quick.lisp
Symlinking /home/aubo-fy/aubo_ws/devel/share/common-lisp/ros/visp_hand2eye_calibration/srv/reset.lisp
Symlinking /home/aubo-fy/aubo_ws/devel/share/common-lisp/ros/visp_hand2eye_calibration/srv/compute_effector_camera.lisp
Symlinking /home/aubo-fy/aubo_ws/devel/share/common-lisp/ros/visp_hand2eye_calibration/msg/_package.lisp
Symlinking /home/aubo-fy/aubo_ws/devel/share/common-lisp/ros/visp_hand2eye_calibration/msg/visp_hand2eye_calibration-msg.asd
Symlinking /home/aubo-fy/aubo_ws/devel/share/common-lisp/ros/visp_hand2eye_calibration/msg/TransformArray.lisp
Symlinking /home/aubo-fy/aubo_ws/devel/share/common-lisp/ros/visp_hand2eye_calibration/msg/_package_TransformArray.lisp
Symlinking /home/aubo-fy/aubo_ws/devel/share/gennodejs/ros/visp_hand2eye_calibration/_index.js
Symlinking /home/aubo-fy/aubo_ws/devel/share/gennodejs/ros/visp_hand2eye_calibration/srv/compute_effector_camera.js
Symlinking /home/aubo-fy/aubo_ws/devel/share/gennodejs/ros/visp_hand2eye_calibration/srv/reset.js
Symlinking /home/aubo-fy/aubo_ws/devel/share/gennodejs/ros/visp_hand2eye_calibration/srv/_index.js
Symlinking /home/aubo-fy/aubo_ws/devel/share/gennodejs/ros/visp_hand2eye_calibration/srv/compute_effector_camera_quick.js
Symlinking /home/aubo-fy/aubo_ws/devel/share/gennodejs/ros/visp_hand2eye_calibration/msg/_index.js
Symlinking /home/aubo-fy/aubo_ws/devel/share/gennodejs/ros/visp_hand2eye_calibration/msg/TransformArray.js
Symlinking /home/aubo-fy/aubo_ws/devel/share/roseus/ros/visp_hand2eye_calibration/manifest.l
Symlinking /home/aubo-fy/aubo_ws/devel/share/roseus/ros/visp_hand2eye_calibration/srv/compute_effector_camera.l
Symlinking /home/aubo-fy/aubo_ws/devel/share/roseus/ros/visp_hand2eye_calibration/srv/reset.l
Symlinking /home/aubo-fy/aubo_ws/devel/share/roseus/ros/visp_hand2eye_calibration/srv/compute_effector_camera_quick.l
Symlinking /home/aubo-fy/aubo_ws/devel/share/roseus/ros/visp_hand2eye_calibration/msg/TransformArray.l
Symlinking /home/aubo-fy/aubo_ws/devel/share/visp_hand2eye_calibration/cmake/visp_hand2eye_calibration-msg-extras.cmake
Symlinking /home/aubo-fy/aubo_ws/devel/share/visp_hand2eye_calibration/cmake/visp_hand2eye_calibrationConfig.cmake
Symlinking /home/aubo-fy/aubo_ws/devel/share/visp_hand2eye_calibration/cmake/visp_hand2eye_calibrationConfig-version.cmake
Symlinking /home/aubo-fy/aubo_ws/devel/share/visp_hand2eye_calibration/cmake/visp_hand2eye_calibration-msg-paths.cmake
