[  0%] Built target sensor_msgs_generate_messages_cpp
[  3%] Built target visp_tracker_viewer
[  3%] Built target geometry_msgs_generate_messages_py
[  3%] Built target std_msgs_generate_messages_lisp
[  3%] Built target geometry_msgs_generate_messages_cpp
[  3%] Built target std_msgs_generate_messages_py
[  4%] Built target std_msgs_generate_messages_cpp
[  4%] Built target sensor_msgs_generate_messages_eus
[  7%] Built target visp_tracker_gencfg
[  7%] Built target sensor_msgs_generate_messages_lisp
[  7%] Built target geometry_msgs_generate_messages_lisp
[  7%] Built target sensor_msgs_generate_messages_py
[  7%] Built target geometry_msgs_generate_messages_eus
[  7%] Built target geometry_msgs_generate_messages_nodejs
[  7%] Built target std_msgs_generate_messages_nodejs
[  7%] Built target std_msgs_generate_messages_eus
[  7%] Built target sensor_msgs_generate_messages_nodejs
[  7%] Built target _visp_tracker_generate_messages_check_deps_TrackerSettings
[  7%] Built target _visp_tracker_generate_messages_check_deps_MovingEdgeSettings
[  7%] Built target _visp_tracker_generate_messages_check_deps_MovingEdgeSites
[  7%] Built target _visp_tracker_generate_messages_check_deps_KltSettings
[  7%] Built target _visp_tracker_generate_messages_check_deps_KltPoint
[  7%] Built target _visp_tracker_generate_messages_check_deps_MovingEdgeSite
[  7%] Built target _visp_tracker_generate_messages_check_deps_KltPoints
[  7%] Built target _visp_tracker_generate_messages_check_deps_Init
[ 21%] Built target visp_tracker_generate_messages_cpp
[ 35%] Built target visp_tracker_generate_messages_py
[ 48%] Built target visp_tracker_generate_messages_lisp
[ 62%] Built target visp_tracker_generate_messages_eus
[ 75%] Built target visp_tracker_generate_messages_nodejs
[ 75%] Built target visp_tracker_gencpp
[ 75%] Built target visp_tracker_generate_messages
Checking md5sum on /home/aubo-fy/aubo_ws/devel/.private/visp_tracker/share/visp_tracker/bag/tutorial-static-box.bag
[ 79%] Built target tracker
[ 81%] Built target visp_tracker_client
[ 81%] Built target visp_tracker_bag
[ 93%] Built target visp_tracker
[100%] Built target trackerNodelet
