Symlinking /home/aubo-fy/aubo_ws/devel/lib/libvisp_tracker.so
Symlinking /home/aubo-fy/aubo_ws/devel/lib/libtrackerNodelet.so
Symlinking /home/aubo-fy/aubo_ws/devel/lib/visp_tracker/tracker
Symlinking /home/aubo-fy/aubo_ws/devel/lib/visp_tracker/visp_tracker_viewer
Symlinking /home/aubo-fy/aubo_ws/devel/lib/visp_tracker/visp_tracker_client
Symlinking /home/aubo-fy/aubo_ws/devel/lib/pkgconfig/visp_tracker.pc
Symlinking /home/aubo-fy/aubo_ws/devel/lib/python3/dist-packages/visp_tracker/__init__.py
Symlinking /home/aubo-fy/aubo_ws/devel/lib/python3/dist-packages/visp_tracker/cfg/ModelBasedSettingsConfig.py
Symlinking /home/aubo-fy/aubo_ws/devel/lib/python3/dist-packages/visp_tracker/cfg/ModelBasedSettingsKltConfig.py
Symlinking /home/aubo-fy/aubo_ws/devel/lib/python3/dist-packages/visp_tracker/cfg/ModelBasedSettingsEdgeConfig.py
Symlinking /home/aubo-fy/aubo_ws/devel/lib/python3/dist-packages/visp_tracker/cfg/__init__.py
Symlinking /home/aubo-fy/aubo_ws/devel/lib/python3/dist-packages/visp_tracker/srv/_Init.py
Symlinking /home/aubo-fy/aubo_ws/devel/lib/python3/dist-packages/visp_tracker/srv/__init__.py
Symlinking /home/aubo-fy/aubo_ws/devel/lib/python3/dist-packages/visp_tracker/msg/_MovingEdgeSites.py
Symlinking /home/aubo-fy/aubo_ws/devel/lib/python3/dist-packages/visp_tracker/msg/_KltSettings.py
Symlinking /home/aubo-fy/aubo_ws/devel/lib/python3/dist-packages/visp_tracker/msg/_KltPoint.py
Symlinking /home/aubo-fy/aubo_ws/devel/lib/python3/dist-packages/visp_tracker/msg/_TrackerSettings.py
Symlinking /home/aubo-fy/aubo_ws/devel/lib/python3/dist-packages/visp_tracker/msg/_KltPoints.py
Symlinking /home/aubo-fy/aubo_ws/devel/lib/python3/dist-packages/visp_tracker/msg/_MovingEdgeSettings.py
Symlinking /home/aubo-fy/aubo_ws/devel/lib/python3/dist-packages/visp_tracker/msg/_MovingEdgeSite.py
Symlinking /home/aubo-fy/aubo_ws/devel/lib/python3/dist-packages/visp_tracker/msg/__init__.py
Symlinking /home/aubo-fy/aubo_ws/devel/include/visp_tracker/ModelBasedSettingsEdgeConfig.h
Symlinking /home/aubo-fy/aubo_ws/devel/include/visp_tracker/InitRequest.h
Symlinking /home/aubo-fy/aubo_ws/devel/include/visp_tracker/ModelBasedSettingsConfig.h
Symlinking /home/aubo-fy/aubo_ws/devel/include/visp_tracker/MovingEdgeSites.h
Symlinking /home/aubo-fy/aubo_ws/devel/include/visp_tracker/MovingEdgeSettings.h
Symlinking /home/aubo-fy/aubo_ws/devel/include/visp_tracker/MovingEdgeSite.h
Symlinking /home/aubo-fy/aubo_ws/devel/include/visp_tracker/TrackerSettings.h
Symlinking /home/aubo-fy/aubo_ws/devel/include/visp_tracker/InitResponse.h
Symlinking /home/aubo-fy/aubo_ws/devel/include/visp_tracker/KltPoint.h
Symlinking /home/aubo-fy/aubo_ws/devel/include/visp_tracker/ModelBasedSettingsKltConfig.h
Symlinking /home/aubo-fy/aubo_ws/devel/include/visp_tracker/Init.h
Symlinking /home/aubo-fy/aubo_ws/devel/include/visp_tracker/KltPoints.h
Symlinking /home/aubo-fy/aubo_ws/devel/include/visp_tracker/KltSettings.h
Symlinking /home/aubo-fy/aubo_ws/devel/share/common-lisp/ros/visp_tracker/srv/_package.lisp
Symlinking /home/aubo-fy/aubo_ws/devel/share/common-lisp/ros/visp_tracker/srv/visp_tracker-srv.asd
Symlinking /home/aubo-fy/aubo_ws/devel/share/common-lisp/ros/visp_tracker/srv/Init.lisp
Symlinking /home/aubo-fy/aubo_ws/devel/share/common-lisp/ros/visp_tracker/srv/_package_Init.lisp
Symlinking /home/aubo-fy/aubo_ws/devel/share/common-lisp/ros/visp_tracker/msg/MovingEdgeSites.lisp
Symlinking /home/aubo-fy/aubo_ws/devel/share/common-lisp/ros/visp_tracker/msg/_package.lisp
Symlinking /home/aubo-fy/aubo_ws/devel/share/common-lisp/ros/visp_tracker/msg/visp_tracker-msg.asd
Symlinking /home/aubo-fy/aubo_ws/devel/share/common-lisp/ros/visp_tracker/msg/KltPoints.lisp
Symlinking /home/aubo-fy/aubo_ws/devel/share/common-lisp/ros/visp_tracker/msg/_package_MovingEdgeSite.lisp
Symlinking /home/aubo-fy/aubo_ws/devel/share/common-lisp/ros/visp_tracker/msg/_package_KltSettings.lisp
Symlinking /home/aubo-fy/aubo_ws/devel/share/common-lisp/ros/visp_tracker/msg/MovingEdgeSite.lisp
Symlinking /home/aubo-fy/aubo_ws/devel/share/common-lisp/ros/visp_tracker/msg/_package_TrackerSettings.lisp
Symlinking /home/aubo-fy/aubo_ws/devel/share/common-lisp/ros/visp_tracker/msg/KltSettings.lisp
Symlinking /home/aubo-fy/aubo_ws/devel/share/common-lisp/ros/visp_tracker/msg/_package_KltPoint.lisp
Symlinking /home/aubo-fy/aubo_ws/devel/share/common-lisp/ros/visp_tracker/msg/_package_MovingEdgeSites.lisp
Symlinking /home/aubo-fy/aubo_ws/devel/share/common-lisp/ros/visp_tracker/msg/MovingEdgeSettings.lisp
Symlinking /home/aubo-fy/aubo_ws/devel/share/common-lisp/ros/visp_tracker/msg/TrackerSettings.lisp
Symlinking /home/aubo-fy/aubo_ws/devel/share/common-lisp/ros/visp_tracker/msg/_package_MovingEdgeSettings.lisp
Symlinking /home/aubo-fy/aubo_ws/devel/share/common-lisp/ros/visp_tracker/msg/KltPoint.lisp
Symlinking /home/aubo-fy/aubo_ws/devel/share/common-lisp/ros/visp_tracker/msg/_package_KltPoints.lisp
Symlinking /home/aubo-fy/aubo_ws/devel/share/visp_tracker/docs/ModelBasedSettingsConfig-usage.dox
Symlinking /home/aubo-fy/aubo_ws/devel/share/visp_tracker/docs/ModelBasedSettingsConfig.dox
Symlinking /home/aubo-fy/aubo_ws/devel/share/visp_tracker/docs/ModelBasedSettingsKltConfig.wikidoc
Symlinking /home/aubo-fy/aubo_ws/devel/share/visp_tracker/docs/ModelBasedSettingsEdgeConfig.wikidoc
Symlinking /home/aubo-fy/aubo_ws/devel/share/visp_tracker/docs/ModelBasedSettingsEdgeConfig.dox
Symlinking /home/aubo-fy/aubo_ws/devel/share/visp_tracker/docs/ModelBasedSettingsKltConfig.dox
Symlinking /home/aubo-fy/aubo_ws/devel/share/visp_tracker/docs/ModelBasedSettingsKltConfig-usage.dox
Symlinking /home/aubo-fy/aubo_ws/devel/share/visp_tracker/docs/ModelBasedSettingsConfig.wikidoc
Symlinking /home/aubo-fy/aubo_ws/devel/share/visp_tracker/docs/ModelBasedSettingsEdgeConfig-usage.dox
Symlinking /home/aubo-fy/aubo_ws/devel/share/visp_tracker/cmake/visp_trackerConfig-version.cmake
Symlinking /home/aubo-fy/aubo_ws/devel/share/visp_tracker/cmake/visp_tracker-msg-paths.cmake
Symlinking /home/aubo-fy/aubo_ws/devel/share/visp_tracker/cmake/visp_tracker-msg-extras.cmake
Symlinking /home/aubo-fy/aubo_ws/devel/share/visp_tracker/cmake/visp_trackerConfig.cmake
Symlinking /home/aubo-fy/aubo_ws/devel/share/visp_tracker/bag/tutorial-static-box.bag
Symlinking /home/aubo-fy/aubo_ws/devel/share/gennodejs/ros/visp_tracker/_index.js
Symlinking /home/aubo-fy/aubo_ws/devel/share/gennodejs/ros/visp_tracker/srv/Init.js
Symlinking /home/aubo-fy/aubo_ws/devel/share/gennodejs/ros/visp_tracker/srv/_index.js
Symlinking /home/aubo-fy/aubo_ws/devel/share/gennodejs/ros/visp_tracker/msg/KltSettings.js
Symlinking /home/aubo-fy/aubo_ws/devel/share/gennodejs/ros/visp_tracker/msg/KltPoints.js
Symlinking /home/aubo-fy/aubo_ws/devel/share/gennodejs/ros/visp_tracker/msg/KltPoint.js
Symlinking /home/aubo-fy/aubo_ws/devel/share/gennodejs/ros/visp_tracker/msg/_index.js
Symlinking /home/aubo-fy/aubo_ws/devel/share/gennodejs/ros/visp_tracker/msg/TrackerSettings.js
Symlinking /home/aubo-fy/aubo_ws/devel/share/gennodejs/ros/visp_tracker/msg/MovingEdgeSites.js
Symlinking /home/aubo-fy/aubo_ws/devel/share/gennodejs/ros/visp_tracker/msg/MovingEdgeSettings.js
Symlinking /home/aubo-fy/aubo_ws/devel/share/gennodejs/ros/visp_tracker/msg/MovingEdgeSite.js
Symlinking /home/aubo-fy/aubo_ws/devel/share/roseus/ros/visp_tracker/manifest.l
Symlinking /home/aubo-fy/aubo_ws/devel/share/roseus/ros/visp_tracker/srv/Init.l
Symlinking /home/aubo-fy/aubo_ws/devel/share/roseus/ros/visp_tracker/msg/KltSettings.l
Symlinking /home/aubo-fy/aubo_ws/devel/share/roseus/ros/visp_tracker/msg/MovingEdgeSite.l
Symlinking /home/aubo-fy/aubo_ws/devel/share/roseus/ros/visp_tracker/msg/KltPoints.l
Symlinking /home/aubo-fy/aubo_ws/devel/share/roseus/ros/visp_tracker/msg/KltPoint.l
Symlinking /home/aubo-fy/aubo_ws/devel/share/roseus/ros/visp_tracker/msg/MovingEdgeSites.l
Symlinking /home/aubo-fy/aubo_ws/devel/share/roseus/ros/visp_tracker/msg/MovingEdgeSettings.l
Symlinking /home/aubo-fy/aubo_ws/devel/share/roseus/ros/visp_tracker/msg/TrackerSettings.l
