[35m[1mScanning dependencies of target visp_tracker_viewer[0m
[  1%] [32mBuilding CXX object CMakeFiles/visp_tracker_viewer.dir/src/nodes/viewer.cpp.o[0m
[  3%] [32m[1mLinking CXX executable /home/aubo-fy/aubo_ws/devel/.private/visp_tracker/lib/visp_tracker/visp_tracker_viewer[0m
[  3%] Built target visp_tracker_viewer
[35m[1mScanning dependencies of target _visp_tracker_generate_messages_check_deps_KltPoints[0m
[  3%] Built target _visp_tracker_generate_messages_check_deps_KltPoints
[35m[1mScanning dependencies of target _visp_tracker_generate_messages_check_deps_TrackerSettings[0m
[  3%] Built target _visp_tracker_generate_messages_check_deps_TrackerSettings
[35m[1mScanning dependencies of target _visp_tracker_generate_messages_check_deps_MovingEdgeSites[0m
[  3%] Built target _visp_tracker_generate_messages_check_deps_MovingEdgeSites
[35m[1mScanning dependencies of target _visp_tracker_generate_messages_check_deps_MovingEdgeSite[0m
[  3%] Built target _visp_tracker_generate_messages_check_deps_MovingEdgeSite
[35m[1mScanning dependencies of target _visp_tracker_generate_messages_check_deps_MovingEdgeSettings[0m
[  3%] Built target _visp_tracker_generate_messages_check_deps_MovingEdgeSettings
[35m[1mScanning dependencies of target _visp_tracker_generate_messages_check_deps_KltPoint[0m
[  3%] Built target _visp_tracker_generate_messages_check_deps_KltPoint
[35m[1mScanning dependencies of target sensor_msgs_generate_messages_cpp[0m
[  3%] Built target sensor_msgs_generate_messages_cpp
[35m[1mScanning dependencies of target geometry_msgs_generate_messages_cpp[0m
[  3%] Built target geometry_msgs_generate_messages_cpp
[35m[1mScanning dependencies of target std_msgs_generate_messages_cpp[0m
[  3%] Built target std_msgs_generate_messages_cpp
[35m[1mScanning dependencies of target _visp_tracker_generate_messages_check_deps_KltSettings[0m
[  3%] Built target _visp_tracker_generate_messages_check_deps_KltSettings
[35m[1mScanning dependencies of target _visp_tracker_generate_messages_check_deps_Init[0m
[  3%] Built target _visp_tracker_generate_messages_check_deps_Init
[35m[1mScanning dependencies of target visp_tracker_bag[0m
Downloading https://github.com/lagadic/vision_visp/releases/download/vision_visp-0.5.0/tutorial-static-box.bag to /home/aubo-fy/aubo_ws/devel/.private/visp_tracker/share/visp_tracker/bag/tutorial-static-box.bag...[35m[1mScanning dependencies of target visp_tracker_gencfg[0m
[  4%] [34m[1mGenerating dynamic reconfigure files from cfg/ModelBasedSettings.cfg: /home/aubo-fy/aubo_ws/devel/.private/visp_tracker/include/visp_tracker/ModelBasedSettingsConfig.h /home/aubo-fy/aubo_ws/devel/.private/visp_tracker/lib/python3/dist-packages/visp_tracker/cfg/ModelBasedSettingsConfig.py[0m
Generating reconfiguration files for ModelBasedSettings in visp_tracker
Wrote header file in /home/aubo-fy/aubo_ws/devel/.private/visp_tracker/include/visp_tracker/ModelBasedSettingsConfig.h
[  6%] [34m[1mGenerating dynamic reconfigure files from cfg/ModelBasedSettingsEdge.cfg: /home/aubo-fy/aubo_ws/devel/.private/visp_tracker/include/visp_tracker/ModelBasedSettingsEdgeConfig.h /home/aubo-fy/aubo_ws/devel/.private/visp_tracker/lib/python3/dist-packages/visp_tracker/cfg/ModelBasedSettingsEdgeConfig.py[0m
Generating reconfiguration files for ModelBasedSettingsEdge in visp_tracker
Wrote header file in /home/aubo-fy/aubo_ws/devel/.private/visp_tracker/include/visp_tracker/ModelBasedSettingsEdgeConfig.h
[  7%] [34m[1mGenerating dynamic reconfigure files from cfg/ModelBasedSettingsKlt.cfg: /home/aubo-fy/aubo_ws/devel/.private/visp_tracker/include/visp_tracker/ModelBasedSettingsKltConfig.h /home/aubo-fy/aubo_ws/devel/.private/visp_tracker/lib/python3/dist-packages/visp_tracker/cfg/ModelBasedSettingsKltConfig.py[0m
Generating reconfiguration files for ModelBasedSettingsKlt in visp_tracker
Wrote header file in /home/aubo-fy/aubo_ws/devel/.private/visp_tracker/include/visp_tracker/ModelBasedSettingsKltConfig.h
[  7%] Built target visp_tracker_gencfg
[35m[1mScanning dependencies of target std_msgs_generate_messages_py[0m
[  7%] Built target std_msgs_generate_messages_py
[35m[1mScanning dependencies of target sensor_msgs_generate_messages_py[0m
[  7%] Built target sensor_msgs_generate_messages_py
[35m[1mScanning dependencies of target geometry_msgs_generate_messages_py[0m
[  7%] Built target geometry_msgs_generate_messages_py
[35m[1mScanning dependencies of target std_msgs_generate_messages_lisp[0m
[  7%] Built target std_msgs_generate_messages_lisp
[35m[1mScanning dependencies of target sensor_msgs_generate_messages_lisp[0m
[  7%] Built target sensor_msgs_generate_messages_lisp
[35m[1mScanning dependencies of target geometry_msgs_generate_messages_lisp[0m
[  7%] Built target geometry_msgs_generate_messages_lisp
[35m[1mScanning dependencies of target geometry_msgs_generate_messages_eus[0m
[  7%] Built target geometry_msgs_generate_messages_eus
[35m[1mScanning dependencies of target sensor_msgs_generate_messages_eus[0m
[  7%] Built target sensor_msgs_generate_messages_eus
[35m[1mScanning dependencies of target std_msgs_generate_messages_eus[0m
[  7%] Built target std_msgs_generate_messages_eus
[35m[1mScanning dependencies of target std_msgs_generate_messages_nodejs[0m
[  7%] Built target std_msgs_generate_messages_nodejs
[35m[1mScanning dependencies of target geometry_msgs_generate_messages_nodejs[0m
[  7%] Built target geometry_msgs_generate_messages_nodejs
[35m[1mScanning dependencies of target sensor_msgs_generate_messages_nodejs[0m
[  7%] Built target sensor_msgs_generate_messages_nodejs
[35m[1mScanning dependencies of target visp_tracker_generate_messages_cpp[0m
[  9%] [34m[1mGenerating C++ code from visp_tracker/KltPoint.msg[0m
[ 10%] [34m[1mGenerating C++ code from visp_tracker/KltPoints.msg[0m
[ 12%] [34m[1mGenerating C++ code from visp_tracker/KltSettings.msg[0m
[ 14%] [34m[1mGenerating C++ code from visp_tracker/MovingEdgeSettings.msg[0m
[ 15%] [34m[1mGenerating C++ code from visp_tracker/MovingEdgeSite.msg[0m
[ 17%] [34m[1mGenerating C++ code from visp_tracker/MovingEdgeSites.msg[0m
[ 18%] [34m[1mGenerating C++ code from visp_tracker/TrackerSettings.msg[0m
[ 20%] [34m[1mGenerating C++ code from visp_tracker/Init.srv[0m
[ 20%] Built target visp_tracker_generate_messages_cpp
[35m[1mScanning dependencies of target visp_tracker_generate_messages_py[0m
[ 21%] [34m[1mGenerating Python from MSG visp_tracker/KltPoint[0m
[ 23%] [34m[1mGenerating Python from MSG visp_tracker/KltPoints[0m
[ 25%] [34m[1mGenerating Python from MSG visp_tracker/KltSettings[0m
[ 26%] [34m[1mGenerating Python from MSG visp_tracker/MovingEdgeSettings[0m
[ 28%] [34m[1mGenerating Python from MSG visp_tracker/MovingEdgeSite[0m
[ 29%] [34m[1mGenerating Python from MSG visp_tracker/MovingEdgeSites[0m
[ 31%] [34m[1mGenerating Python from MSG visp_tracker/TrackerSettings[0m
[ 32%] [34m[1mGenerating Python code from SRV visp_tracker/Init[0m
[ 34%] [34m[1mGenerating Python msg __init__.py for visp_tracker[0m
[ 35%] [34m[1mGenerating Python srv __init__.py for visp_tracker[0m
[ 35%] Built target visp_tracker_generate_messages_py
[35m[1mScanning dependencies of target visp_tracker_generate_messages_lisp[0m
[ 37%] [34m[1mGenerating Lisp code from visp_tracker/KltPoint.msg[0m
[ 39%] [34m[1mGenerating Lisp code from visp_tracker/KltPoints.msg[0m
[ 40%] [34m[1mGenerating Lisp code from visp_tracker/KltSettings.msg[0m
[ 42%] [34m[1mGenerating Lisp code from visp_tracker/MovingEdgeSettings.msg[0m
[ 43%] [34m[1mGenerating Lisp code from visp_tracker/MovingEdgeSite.msg[0m
[ 45%] [34m[1mGenerating Lisp code from visp_tracker/MovingEdgeSites.msg[0m
[ 46%] [34m[1mGenerating Lisp code from visp_tracker/TrackerSettings.msg[0m
[ 48%] [34m[1mGenerating Lisp code from visp_tracker/Init.srv[0m
[ 48%] Built target visp_tracker_generate_messages_lisp
[35m[1mScanning dependencies of target visp_tracker_generate_messages_eus[0m
[ 50%] [34m[1mGenerating EusLisp code from visp_tracker/KltPoint.msg[0m
[ 51%] [34m[1mGenerating EusLisp code from visp_tracker/KltPoints.msg[0m
[ 53%] [34m[1mGenerating EusLisp code from visp_tracker/KltSettings.msg[0m
[ 54%] [34m[1mGenerating EusLisp code from visp_tracker/MovingEdgeSettings.msg[0m
[ 56%] [34m[1mGenerating EusLisp code from visp_tracker/MovingEdgeSite.msg[0m
[ 57%] [34m[1mGenerating EusLisp code from visp_tracker/MovingEdgeSites.msg[0m
[ 59%] [34m[1mGenerating EusLisp code from visp_tracker/TrackerSettings.msg[0m
[ 60%] [34m[1mGenerating EusLisp code from visp_tracker/Init.srv[0m
[ 62%] [34m[1mGenerating EusLisp manifest code for visp_tracker[0m
[ 62%] Built target visp_tracker_generate_messages_eus
[35m[1mScanning dependencies of target visp_tracker_generate_messages_nodejs[0m
[ 64%] [34m[1mGenerating Javascript code from visp_tracker/KltPoint.msg[0m
[ 65%] [34m[1mGenerating Javascript code from visp_tracker/KltPoints.msg[0m
[ 67%] [34m[1mGenerating Javascript code from visp_tracker/KltSettings.msg[0m
[ 68%] [34m[1mGenerating Javascript code from visp_tracker/MovingEdgeSettings.msg[0m
[ 70%] [34m[1mGenerating Javascript code from visp_tracker/MovingEdgeSite.msg[0m
[ 71%] [34m[1mGenerating Javascript code from visp_tracker/MovingEdgeSites.msg[0m
[ 73%] [34m[1mGenerating Javascript code from visp_tracker/TrackerSettings.msg[0m
[ 75%] [34m[1mGenerating Javascript code from visp_tracker/Init.srv[0m
[ 75%] Built target visp_tracker_generate_messages_nodejs
[35m[1mScanning dependencies of target visp_tracker_gencpp[0m
[ 75%] Built target visp_tracker_gencpp
[35m[1mScanning dependencies of target visp_tracker_generate_messages[0m
[ 75%] Built target visp_tracker_generate_messages
[35m[1mScanning dependencies of target visp_tracker_client[0m
[ 76%] [32mBuilding CXX object CMakeFiles/visp_tracker_client.dir/src/nodes/client.cpp.o[0m
[ 78%] [32m[1mLinking CXX executable /home/aubo-fy/aubo_ws/devel/.private/visp_tracker/lib/visp_tracker/visp_tracker_client[0m
[ 78%] Built target visp_tracker_client
[35m[1mScanning dependencies of target tracker[0m
[ 79%] [32mBuilding CXX object CMakeFiles/tracker.dir/src/nodes/tracker.cpp.o[0m
[ 81%] [32m[1mLinking CXX executable /home/aubo-fy/aubo_ws/devel/.private/visp_tracker/lib/visp_tracker/tracker[0m
[ 81%] Built target tracker
 done.
Checking md5sum on /home/aubo-fy/aubo_ws/devel/.private/visp_tracker/share/visp_tracker/bag/tutorial-static-box.bag
[ 81%] Built target visp_tracker_bag
[35m[1mScanning dependencies of target visp_tracker[0m
[ 82%] [32mBuilding CXX object CMakeFiles/visp_tracker.dir/src/libvisp_tracker/callbacks.cpp.o[0m
[ 84%] [32mBuilding CXX object CMakeFiles/visp_tracker.dir/src/libvisp_tracker/conversion.cpp.o[0m
[ 85%] [32mBuilding CXX object CMakeFiles/visp_tracker.dir/src/libvisp_tracker/file.cpp.o[0m
[ 87%] [32mBuilding CXX object CMakeFiles/visp_tracker.dir/src/libvisp_tracker/names.cpp.o[0m
[ 89%] [32mBuilding CXX object CMakeFiles/visp_tracker.dir/src/libvisp_tracker/tracker-client.cpp.o[0m
[ 90%] [32mBuilding CXX object CMakeFiles/visp_tracker.dir/src/libvisp_tracker/tracker-viewer.cpp.o[0m
[ 92%] [32mBuilding CXX object CMakeFiles/visp_tracker.dir/src/libvisp_tracker/tracker.cpp.o[0m
[ 93%] [32m[1mLinking CXX shared library /home/aubo-fy/aubo_ws/devel/.private/visp_tracker/lib/libvisp_tracker.so[0m
[ 93%] Built target visp_tracker
[35m[1mScanning dependencies of target trackerNodelet[0m
[ 95%] [32mBuilding CXX object CMakeFiles/trackerNodelet.dir/src/nodelets/client.cpp.o[0m
[ 96%] [32mBuilding CXX object CMakeFiles/trackerNodelet.dir/src/nodelets/tracker.cpp.o[0m
[ 98%] [32mBuilding CXX object CMakeFiles/trackerNodelet.dir/src/nodelets/viewer.cpp.o[0m
[100%] [32m[1mLinking CXX shared library /home/aubo-fy/aubo_ws/devel/.private/visp_tracker/lib/libtrackerNodelet.so[0m
[100%] Built target trackerNodelet
