CMake Warning (dev) at CMakeLists.txt:2 (project):
  Policy CMP0048 is not set: project() command manages VERSION variables.
  Run "cmake --help-policy CMP0048" for policy details.  Use the cmake_policy
  command to set the policy and suppress this warning.

  The following variable(s) would be set to empty:

    CMAKE_PROJECT_VERSION
    CMAKE_PROJECT_VERSION_MAJOR
    CMAKE_PROJECT_VERSION_MINOR
    CMAKE_PROJECT_VERSION_PATCH
This warning is for project developers.  Use -Wno-dev to suppress it.

[31m[1mCMake Error[0m at /home/aubo-fy/aubo_ws/build/easy_handeye/cmake/easy_handeye-genmsg.cmake:3 (message):
  Could not find messages which
  '/home/aubo-fy/aubo_ws/src/easy_handeye/easy_handeye/msg/SampleList.msg'
  depends on.  Did you forget to specify generate_messages(DEPENDENCIES ...)?

  Cannot locate message [TransformArray] in package
  [visp_hand2eye_calibration] with paths
  [['/home/aubo-fy/aubo_ws/src/vision_visp/visp_hand2eye_calibration/msg']]
[36mCall Stack (most recent call first):[0m
  /opt/ros/noetic/share/genmsg/cmake/genmsg-extras.cmake:307 (include)
  CMakeLists.txt:27 (generate_messages)


make: *** [Makefile:1034：cmake_check_build_system] 错误 1
