Linked: (/home/aubo-fy/aubo_ws/devel/.private/easy_handeye/lib/pkgconfig/easy_handeye.pc, /home/aubo-fy/aubo_ws/devel/lib/pkgconfig/easy_handeye.pc)
Linked: (/home/aubo-fy/aubo_ws/devel/.private/easy_handeye/lib/easy_handeye/calibrate.py, /home/aubo-fy/aubo_ws/devel/lib/easy_handeye/calibrate.py)
Linked: (/home/aubo-fy/aubo_ws/devel/.private/easy_handeye/lib/easy_handeye/handeye_calibration_commander.py, /home/aubo-fy/aubo_ws/devel/lib/easy_handeye/handeye_calibration_commander.py)
Linked: (/home/aubo-fy/aubo_ws/devel/.private/easy_handeye/lib/easy_handeye/publish.py, /home/aubo-fy/aubo_ws/devel/lib/easy_handeye/publish.py)
Linked: (/home/aubo-fy/aubo_ws/devel/.private/easy_handeye/lib/easy_handeye/cmake.lock, /home/aubo-fy/aubo_ws/devel/lib/easy_handeye/cmake.lock)
Linked: (/home/aubo-fy/aubo_ws/devel/.private/easy_handeye/lib/easy_handeye/robot.py, /home/aubo-fy/aubo_ws/devel/lib/easy_handeye/robot.py)
Linked: (/home/aubo-fy/aubo_ws/devel/.private/easy_handeye/lib/python3/dist-packages/easy_handeye/__init__.py, /home/aubo-fy/aubo_ws/devel/lib/python3/dist-packages/easy_handeye/__init__.py)
Linked: (/home/aubo-fy/aubo_ws/devel/.private/easy_handeye/lib/python3/dist-packages/easy_handeye/srv/_RemoveSample.py, /home/aubo-fy/aubo_ws/devel/lib/python3/dist-packages/easy_handeye/srv/_RemoveSample.py)
Linked: (/home/aubo-fy/aubo_ws/devel/.private/easy_handeye/lib/python3/dist-packages/easy_handeye/srv/_ComputeCalibration.py, /home/aubo-fy/aubo_ws/devel/lib/python3/dist-packages/easy_handeye/srv/_ComputeCalibration.py)
Linked: (/home/aubo-fy/aubo_ws/devel/.private/easy_handeye/lib/python3/dist-packages/easy_handeye/srv/_TakeSample.py, /home/aubo-fy/aubo_ws/devel/lib/python3/dist-packages/easy_handeye/srv/_TakeSample.py)
Linked: (/home/aubo-fy/aubo_ws/devel/.private/easy_handeye/lib/python3/dist-packages/easy_handeye/srv/__init__.py, /home/aubo-fy/aubo_ws/devel/lib/python3/dist-packages/easy_handeye/srv/__init__.py)
Linked: (/home/aubo-fy/aubo_ws/devel/.private/easy_handeye/lib/python3/dist-packages/easy_handeye/msg/_HandeyeCalibration.py, /home/aubo-fy/aubo_ws/devel/lib/python3/dist-packages/easy_handeye/msg/_HandeyeCalibration.py)
Linked: (/home/aubo-fy/aubo_ws/devel/.private/easy_handeye/lib/python3/dist-packages/easy_handeye/msg/_SampleList.py, /home/aubo-fy/aubo_ws/devel/lib/python3/dist-packages/easy_handeye/msg/_SampleList.py)
Linked: (/home/aubo-fy/aubo_ws/devel/.private/easy_handeye/lib/python3/dist-packages/easy_handeye/msg/__init__.py, /home/aubo-fy/aubo_ws/devel/lib/python3/dist-packages/easy_handeye/msg/__init__.py)
Linked: (/home/aubo-fy/aubo_ws/devel/.private/easy_handeye/include/easy_handeye/ComputeCalibrationRequest.h, /home/aubo-fy/aubo_ws/devel/include/easy_handeye/ComputeCalibrationRequest.h)
Linked: (/home/aubo-fy/aubo_ws/devel/.private/easy_handeye/include/easy_handeye/ComputeCalibrationResponse.h, /home/aubo-fy/aubo_ws/devel/include/easy_handeye/ComputeCalibrationResponse.h)
Linked: (/home/aubo-fy/aubo_ws/devel/.private/easy_handeye/include/easy_handeye/HandeyeCalibration.h, /home/aubo-fy/aubo_ws/devel/include/easy_handeye/HandeyeCalibration.h)
Linked: (/home/aubo-fy/aubo_ws/devel/.private/easy_handeye/include/easy_handeye/TakeSampleResponse.h, /home/aubo-fy/aubo_ws/devel/include/easy_handeye/TakeSampleResponse.h)
Linked: (/home/aubo-fy/aubo_ws/devel/.private/easy_handeye/include/easy_handeye/TakeSample.h, /home/aubo-fy/aubo_ws/devel/include/easy_handeye/TakeSample.h)
Linked: (/home/aubo-fy/aubo_ws/devel/.private/easy_handeye/include/easy_handeye/RemoveSampleRequest.h, /home/aubo-fy/aubo_ws/devel/include/easy_handeye/RemoveSampleRequest.h)
Linked: (/home/aubo-fy/aubo_ws/devel/.private/easy_handeye/include/easy_handeye/TakeSampleRequest.h, /home/aubo-fy/aubo_ws/devel/include/easy_handeye/TakeSampleRequest.h)
Linked: (/home/aubo-fy/aubo_ws/devel/.private/easy_handeye/include/easy_handeye/RemoveSampleResponse.h, /home/aubo-fy/aubo_ws/devel/include/easy_handeye/RemoveSampleResponse.h)
Linked: (/home/aubo-fy/aubo_ws/devel/.private/easy_handeye/include/easy_handeye/ComputeCalibration.h, /home/aubo-fy/aubo_ws/devel/include/easy_handeye/ComputeCalibration.h)
Linked: (/home/aubo-fy/aubo_ws/devel/.private/easy_handeye/include/easy_handeye/SampleList.h, /home/aubo-fy/aubo_ws/devel/include/easy_handeye/SampleList.h)
Linked: (/home/aubo-fy/aubo_ws/devel/.private/easy_handeye/include/easy_handeye/RemoveSample.h, /home/aubo-fy/aubo_ws/devel/include/easy_handeye/RemoveSample.h)
Linked: (/home/aubo-fy/aubo_ws/devel/.private/easy_handeye/share/common-lisp/ros/easy_handeye/srv/_package.lisp, /home/aubo-fy/aubo_ws/devel/share/common-lisp/ros/easy_handeye/srv/_package.lisp)
Linked: (/home/aubo-fy/aubo_ws/devel/.private/easy_handeye/share/common-lisp/ros/easy_handeye/srv/ComputeCalibration.lisp, /home/aubo-fy/aubo_ws/devel/share/common-lisp/ros/easy_handeye/srv/ComputeCalibration.lisp)
Linked: (/home/aubo-fy/aubo_ws/devel/.private/easy_handeye/share/common-lisp/ros/easy_handeye/srv/_package_RemoveSample.lisp, /home/aubo-fy/aubo_ws/devel/share/common-lisp/ros/easy_handeye/srv/_package_RemoveSample.lisp)
Linked: (/home/aubo-fy/aubo_ws/devel/.private/easy_handeye/share/common-lisp/ros/easy_handeye/srv/TakeSample.lisp, /home/aubo-fy/aubo_ws/devel/share/common-lisp/ros/easy_handeye/srv/TakeSample.lisp)
Linked: (/home/aubo-fy/aubo_ws/devel/.private/easy_handeye/share/common-lisp/ros/easy_handeye/srv/_package_ComputeCalibration.lisp, /home/aubo-fy/aubo_ws/devel/share/common-lisp/ros/easy_handeye/srv/_package_ComputeCalibration.lisp)
Linked: (/home/aubo-fy/aubo_ws/devel/.private/easy_handeye/share/common-lisp/ros/easy_handeye/srv/_package_TakeSample.lisp, /home/aubo-fy/aubo_ws/devel/share/common-lisp/ros/easy_handeye/srv/_package_TakeSample.lisp)
Linked: (/home/aubo-fy/aubo_ws/devel/.private/easy_handeye/share/common-lisp/ros/easy_handeye/srv/easy_handeye-srv.asd, /home/aubo-fy/aubo_ws/devel/share/common-lisp/ros/easy_handeye/srv/easy_handeye-srv.asd)
Linked: (/home/aubo-fy/aubo_ws/devel/.private/easy_handeye/share/common-lisp/ros/easy_handeye/srv/RemoveSample.lisp, /home/aubo-fy/aubo_ws/devel/share/common-lisp/ros/easy_handeye/srv/RemoveSample.lisp)
Linked: (/home/aubo-fy/aubo_ws/devel/.private/easy_handeye/share/common-lisp/ros/easy_handeye/msg/easy_handeye-msg.asd, /home/aubo-fy/aubo_ws/devel/share/common-lisp/ros/easy_handeye/msg/easy_handeye-msg.asd)
Linked: (/home/aubo-fy/aubo_ws/devel/.private/easy_handeye/share/common-lisp/ros/easy_handeye/msg/_package_SampleList.lisp, /home/aubo-fy/aubo_ws/devel/share/common-lisp/ros/easy_handeye/msg/_package_SampleList.lisp)
Linked: (/home/aubo-fy/aubo_ws/devel/.private/easy_handeye/share/common-lisp/ros/easy_handeye/msg/_package.lisp, /home/aubo-fy/aubo_ws/devel/share/common-lisp/ros/easy_handeye/msg/_package.lisp)
Linked: (/home/aubo-fy/aubo_ws/devel/.private/easy_handeye/share/common-lisp/ros/easy_handeye/msg/HandeyeCalibration.lisp, /home/aubo-fy/aubo_ws/devel/share/common-lisp/ros/easy_handeye/msg/HandeyeCalibration.lisp)
Linked: (/home/aubo-fy/aubo_ws/devel/.private/easy_handeye/share/common-lisp/ros/easy_handeye/msg/_package_HandeyeCalibration.lisp, /home/aubo-fy/aubo_ws/devel/share/common-lisp/ros/easy_handeye/msg/_package_HandeyeCalibration.lisp)
Linked: (/home/aubo-fy/aubo_ws/devel/.private/easy_handeye/share/common-lisp/ros/easy_handeye/msg/SampleList.lisp, /home/aubo-fy/aubo_ws/devel/share/common-lisp/ros/easy_handeye/msg/SampleList.lisp)
Linked: (/home/aubo-fy/aubo_ws/devel/.private/easy_handeye/share/gennodejs/ros/easy_handeye/_index.js, /home/aubo-fy/aubo_ws/devel/share/gennodejs/ros/easy_handeye/_index.js)
Linked: (/home/aubo-fy/aubo_ws/devel/.private/easy_handeye/share/gennodejs/ros/easy_handeye/srv/RemoveSample.js, /home/aubo-fy/aubo_ws/devel/share/gennodejs/ros/easy_handeye/srv/RemoveSample.js)
Linked: (/home/aubo-fy/aubo_ws/devel/.private/easy_handeye/share/gennodejs/ros/easy_handeye/srv/_index.js, /home/aubo-fy/aubo_ws/devel/share/gennodejs/ros/easy_handeye/srv/_index.js)
Linked: (/home/aubo-fy/aubo_ws/devel/.private/easy_handeye/share/gennodejs/ros/easy_handeye/srv/TakeSample.js, /home/aubo-fy/aubo_ws/devel/share/gennodejs/ros/easy_handeye/srv/TakeSample.js)
Linked: (/home/aubo-fy/aubo_ws/devel/.private/easy_handeye/share/gennodejs/ros/easy_handeye/srv/ComputeCalibration.js, /home/aubo-fy/aubo_ws/devel/share/gennodejs/ros/easy_handeye/srv/ComputeCalibration.js)
Linked: (/home/aubo-fy/aubo_ws/devel/.private/easy_handeye/share/gennodejs/ros/easy_handeye/msg/SampleList.js, /home/aubo-fy/aubo_ws/devel/share/gennodejs/ros/easy_handeye/msg/SampleList.js)
Linked: (/home/aubo-fy/aubo_ws/devel/.private/easy_handeye/share/gennodejs/ros/easy_handeye/msg/_index.js, /home/aubo-fy/aubo_ws/devel/share/gennodejs/ros/easy_handeye/msg/_index.js)
Linked: (/home/aubo-fy/aubo_ws/devel/.private/easy_handeye/share/gennodejs/ros/easy_handeye/msg/HandeyeCalibration.js, /home/aubo-fy/aubo_ws/devel/share/gennodejs/ros/easy_handeye/msg/HandeyeCalibration.js)
Linked: (/home/aubo-fy/aubo_ws/devel/.private/easy_handeye/share/roseus/ros/easy_handeye/manifest.l, /home/aubo-fy/aubo_ws/devel/share/roseus/ros/easy_handeye/manifest.l)
Linked: (/home/aubo-fy/aubo_ws/devel/.private/easy_handeye/share/roseus/ros/easy_handeye/srv/TakeSample.l, /home/aubo-fy/aubo_ws/devel/share/roseus/ros/easy_handeye/srv/TakeSample.l)
Linked: (/home/aubo-fy/aubo_ws/devel/.private/easy_handeye/share/roseus/ros/easy_handeye/srv/RemoveSample.l, /home/aubo-fy/aubo_ws/devel/share/roseus/ros/easy_handeye/srv/RemoveSample.l)
Linked: (/home/aubo-fy/aubo_ws/devel/.private/easy_handeye/share/roseus/ros/easy_handeye/srv/ComputeCalibration.l, /home/aubo-fy/aubo_ws/devel/share/roseus/ros/easy_handeye/srv/ComputeCalibration.l)
Linked: (/home/aubo-fy/aubo_ws/devel/.private/easy_handeye/share/roseus/ros/easy_handeye/msg/SampleList.l, /home/aubo-fy/aubo_ws/devel/share/roseus/ros/easy_handeye/msg/SampleList.l)
Linked: (/home/aubo-fy/aubo_ws/devel/.private/easy_handeye/share/roseus/ros/easy_handeye/msg/HandeyeCalibration.l, /home/aubo-fy/aubo_ws/devel/share/roseus/ros/easy_handeye/msg/HandeyeCalibration.l)
Linked: (/home/aubo-fy/aubo_ws/devel/.private/easy_handeye/share/easy_handeye/cmake/easy_handeyeConfig-version.cmake, /home/aubo-fy/aubo_ws/devel/share/easy_handeye/cmake/easy_handeyeConfig-version.cmake)
Linked: (/home/aubo-fy/aubo_ws/devel/.private/easy_handeye/share/easy_handeye/cmake/easy_handeye-msg-paths.cmake, /home/aubo-fy/aubo_ws/devel/share/easy_handeye/cmake/easy_handeye-msg-paths.cmake)
Linked: (/home/aubo-fy/aubo_ws/devel/.private/easy_handeye/share/easy_handeye/cmake/easy_handeyeConfig.cmake, /home/aubo-fy/aubo_ws/devel/share/easy_handeye/cmake/easy_handeyeConfig.cmake)
Linked: (/home/aubo-fy/aubo_ws/devel/.private/easy_handeye/share/easy_handeye/cmake/easy_handeye-msg-extras.cmake, /home/aubo-fy/aubo_ws/devel/share/easy_handeye/cmake/easy_handeye-msg-extras.cmake)
