[35m[1mScanning dependencies of target _easy_handeye_generate_messages_check_deps_TakeSample[0m
[  0%] Built target _easy_handeye_generate_messages_check_deps_TakeSample
[35m[1mScanning dependencies of target visp_hand2eye_calibration_generate_messages_nodejs[0m
[  0%] Built target visp_hand2eye_calibration_generate_messages_nodejs
[35m[1mScanning dependencies of target std_msgs_generate_messages_nodejs[0m
[  0%] Built target std_msgs_generate_messages_nodejs
[35m[1mScanning dependencies of target geometry_msgs_generate_messages_nodejs[0m
[  0%] Built target geometry_msgs_generate_messages_nodejs
[35m[1mScanning dependencies of target _easy_handeye_generate_messages_check_deps_HandeyeCalibration[0m
[  0%] Built target _easy_handeye_generate_messages_check_deps_HandeyeCalibration
[35m[1mScanning dependencies of target _easy_handeye_generate_messages_check_deps_SampleList[0m
[  0%] Built target _easy_handeye_generate_messages_check_deps_SampleList
[35m[1mScanning dependencies of target _easy_handeye_generate_messages_check_deps_RemoveSample[0m
[  0%] Built target _easy_handeye_generate_messages_check_deps_RemoveSample
[35m[1mScanning dependencies of target _easy_handeye_generate_messages_check_deps_ComputeCalibration[0m
[  0%] Built target _easy_handeye_generate_messages_check_deps_ComputeCalibration
[35m[1mScanning dependencies of target geometry_msgs_generate_messages_py[0m
[  0%] Built target geometry_msgs_generate_messages_py
[35m[1mScanning dependencies of target visp_hand2eye_calibration_generate_messages_py[0m
[  0%] Built target visp_hand2eye_calibration_generate_messages_py
[35m[1mScanning dependencies of target std_msgs_generate_messages_py[0m
[  0%] Built target std_msgs_generate_messages_py
[35m[1mScanning dependencies of target visp_hand2eye_calibration_generate_messages_lisp[0m
[  0%] Built target visp_hand2eye_calibration_generate_messages_lisp
[35m[1mScanning dependencies of target geometry_msgs_generate_messages_lisp[0m
[  0%] Built target geometry_msgs_generate_messages_lisp
[35m[1mScanning dependencies of target std_msgs_generate_messages_lisp[0m
[  0%] Built target std_msgs_generate_messages_lisp
[35m[1mScanning dependencies of target visp_hand2eye_calibration_generate_messages_eus[0m
[  0%] Built target visp_hand2eye_calibration_generate_messages_eus
[35m[1mScanning dependencies of target geometry_msgs_generate_messages_eus[0m
[  0%] Built target geometry_msgs_generate_messages_eus
[35m[1mScanning dependencies of target std_msgs_generate_messages_eus[0m
[  0%] Built target std_msgs_generate_messages_eus
[35m[1mScanning dependencies of target visp_hand2eye_calibration_generate_messages_cpp[0m
[  0%] Built target visp_hand2eye_calibration_generate_messages_cpp
[35m[1mScanning dependencies of target std_msgs_generate_messages_cpp[0m
[  0%] Built target std_msgs_generate_messages_cpp
[35m[1mScanning dependencies of target geometry_msgs_generate_messages_cpp[0m
[  0%] Built target geometry_msgs_generate_messages_cpp
[35m[1mScanning dependencies of target easy_handeye_generate_messages_nodejs[0m
[  3%] [34m[1mGenerating Javascript code from easy_handeye/HandeyeCalibration.msg[0m
[  7%] [34m[1mGenerating Javascript code from easy_handeye/SampleList.msg[0m
[ 10%] [34m[1mGenerating Javascript code from easy_handeye/ComputeCalibration.srv[0m
[ 14%] [34m[1mGenerating Javascript code from easy_handeye/RemoveSample.srv[0m
[ 17%] [34m[1mGenerating Javascript code from easy_handeye/TakeSample.srv[0m
[ 17%] Built target easy_handeye_generate_messages_nodejs
[35m[1mScanning dependencies of target easy_handeye_generate_messages_py[0m
[ 21%] [34m[1mGenerating Python from MSG easy_handeye/HandeyeCalibration[0m
[ 25%] [34m[1mGenerating Python from MSG easy_handeye/SampleList[0m
[ 28%] [34m[1mGenerating Python code from SRV easy_handeye/ComputeCalibration[0m
[ 32%] [34m[1mGenerating Python code from SRV easy_handeye/RemoveSample[0m
[ 35%] [34m[1mGenerating Python code from SRV easy_handeye/TakeSample[0m
[ 39%] [34m[1mGenerating Python msg __init__.py for easy_handeye[0m
[ 42%] [34m[1mGenerating Python srv __init__.py for easy_handeye[0m
[ 42%] Built target easy_handeye_generate_messages_py
[35m[1mScanning dependencies of target easy_handeye_generate_messages_lisp[0m
[ 46%] [34m[1mGenerating Lisp code from easy_handeye/HandeyeCalibration.msg[0m
[ 50%] [34m[1mGenerating Lisp code from easy_handeye/SampleList.msg[0m
[ 53%] [34m[1mGenerating Lisp code from easy_handeye/ComputeCalibration.srv[0m
[ 57%] [34m[1mGenerating Lisp code from easy_handeye/RemoveSample.srv[0m
[ 60%] [34m[1mGenerating Lisp code from easy_handeye/TakeSample.srv[0m
[ 60%] Built target easy_handeye_generate_messages_lisp
[35m[1mScanning dependencies of target easy_handeye_generate_messages_eus[0m
[ 64%] [34m[1mGenerating EusLisp code from easy_handeye/HandeyeCalibration.msg[0m
[ 67%] [34m[1mGenerating EusLisp code from easy_handeye/SampleList.msg[0m
[ 71%] [34m[1mGenerating EusLisp code from easy_handeye/ComputeCalibration.srv[0m
[ 75%] [34m[1mGenerating EusLisp code from easy_handeye/RemoveSample.srv[0m
[ 78%] [34m[1mGenerating EusLisp code from easy_handeye/TakeSample.srv[0m
[ 82%] [34m[1mGenerating EusLisp manifest code for easy_handeye[0m
[ 82%] Built target easy_handeye_generate_messages_eus
[35m[1mScanning dependencies of target easy_handeye_generate_messages_cpp[0m
[ 85%] [34m[1mGenerating C++ code from easy_handeye/HandeyeCalibration.msg[0m
[ 89%] [34m[1mGenerating C++ code from easy_handeye/SampleList.msg[0m
[ 92%] [34m[1mGenerating C++ code from easy_handeye/ComputeCalibration.srv[0m
[ 96%] [34m[1mGenerating C++ code from easy_handeye/RemoveSample.srv[0m
[100%] [34m[1mGenerating C++ code from easy_handeye/TakeSample.srv[0m
[100%] Built target easy_handeye_generate_messages_cpp
[35m[1mScanning dependencies of target easy_handeye_generate_messages[0m
[100%] Built target easy_handeye_generate_messages
