[  0%] Built target visp_hand2eye_calibration_generate_messages_nodejs
[  0%] Built target std_msgs_generate_messages_nodejs
[  0%] Built target _easy_handeye_generate_messages_check_deps_TakeSample
[  0%] Built target geometry_msgs_generate_messages_nodejs
[  0%] Built target _easy_handeye_generate_messages_check_deps_HandeyeCalibration
[  0%] Built target _easy_handeye_generate_messages_check_deps_SampleList
[  0%] Built target _easy_handeye_generate_messages_check_deps_RemoveSample
[  0%] Built target _easy_handeye_generate_messages_check_deps_ComputeCalibration
[  0%] Built target geometry_msgs_generate_messages_py
[  0%] Built target visp_hand2eye_calibration_generate_messages_py
[  0%] Built target std_msgs_generate_messages_py
[  0%] Built target visp_hand2eye_calibration_generate_messages_lisp
[  0%] Built target geometry_msgs_generate_messages_lisp
[  0%] Built target std_msgs_generate_messages_lisp
[  0%] Built target visp_hand2eye_calibration_generate_messages_eus
[  0%] Built target geometry_msgs_generate_messages_eus
[  0%] Built target std_msgs_generate_messages_eus
[  0%] Built target visp_hand2eye_calibration_generate_messages_cpp
[  0%] Built target std_msgs_generate_messages_cpp
[  0%] Built target geometry_msgs_generate_messages_cpp
[ 17%] Built target easy_handeye_generate_messages_nodejs
[ 42%] Built target easy_handeye_generate_messages_py
[ 60%] Built target easy_handeye_generate_messages_lisp
[ 82%] Built target easy_handeye_generate_messages_eus
[100%] Built target easy_handeye_generate_messages_cpp
[100%] Built target easy_handeye_generate_messages
