[  0%] Built target geometry_msgs_generate_messages_nodejs
[  0%] Built target std_msgs_generate_messages_nodejs
[  0%] Built target visp_hand2eye_calibration_generate_messages_nodejs
[  0%] Built target visp_hand2eye_calibration_generate_messages_lisp
[  0%] Built target std_msgs_generate_messages_py
[  0%] Built target geometry_msgs_generate_messages_py
[  0%] Built target geometry_msgs_generate_messages_lisp
[  0%] Built target visp_hand2eye_calibration_generate_messages_py
[  0%] Built target std_msgs_generate_messages_lisp
[  0%] Built target geometry_msgs_generate_messages_eus
[  0%] Built target std_msgs_generate_messages_eus
[  0%] Built target std_msgs_generate_messages_cpp
[  0%] Built target geometry_msgs_generate_messages_cpp
[  0%] Built target visp_hand2eye_calibration_generate_messages_eus
[  0%] Built target visp_hand2eye_calibration_generate_messages_cpp
[  0%] Built target _easy_handeye_generate_messages_check_deps_SampleList
[  0%] Built target _easy_handeye_generate_messages_check_deps_ComputeCalibration
[  0%] Built target _easy_handeye_generate_messages_check_deps_HandeyeCalibration
[  0%] Built target _easy_handeye_generate_messages_check_deps_TakeSample
[  0%] Built target _easy_handeye_generate_messages_check_deps_RemoveSample
[  7%] [34m[1mGenerating Javascript code from easy_handeye/SampleList.msg[0m
[ 10%] [34m[1mGenerating EusLisp code from easy_handeye/HandeyeCalibration.msg[0m
[ 10%] [34m[1mGenerating Python from MSG easy_handeye/HandeyeCalibration[0m
[ 14%] [34m[1mGenerating Javascript code from easy_handeye/TakeSample.srv[0m
[ 17%] [34m[1mGenerating Javascript code from easy_handeye/ComputeCalibration.srv[0m
[ 21%] [34m[1mGenerating C++ code from easy_handeye/TakeSample.srv[0m
[ 25%] [34m[1mGenerating Lisp code from easy_handeye/HandeyeCalibration.msg[0m
[ 28%] [34m[1mGenerating Javascript code from easy_handeye/HandeyeCalibration.msg[0m
[ 32%] [34m[1mGenerating C++ code from easy_handeye/ComputeCalibration.srv[0m
[ 35%] [34m[1mGenerating Lisp code from easy_handeye/ComputeCalibration.srv[0m
[ 39%] [34m[1mGenerating Python from MSG easy_handeye/SampleList[0m
[ 42%] [34m[1mGenerating C++ code from easy_handeye/HandeyeCalibration.msg[0m
[ 50%] [34m[1mGenerating C++ code from easy_handeye/SampleList.msg[0m
[ 46%] [34m[1mGenerating Lisp code from easy_handeye/SampleList.msg[0m
[ 53%] [34m[1mGenerating EusLisp code from easy_handeye/SampleList.msg[0m
[ 64%] [34m[1mGenerating Python code from SRV easy_handeye/RemoveSample[0m
[ 85%] [34m[1mGenerating Lisp code from easy_handeye/RemoveSample.srv[0m
[ 78%] [34m[1mGenerating C++ code from easy_handeye/RemoveSample.srv[0m
[ 92%] [34m[1mGenerating Javascript code from easy_handeye/RemoveSample.srv[0m
[ 92%] [34m[1mGenerating EusLisp code from easy_handeye/TakeSample.srv[0m
[ 92%] [34m[1mGenerating EusLisp manifest code for easy_handeye[0m
[ 92%] [34m[1mGenerating EusLisp code from easy_handeye/ComputeCalibration.srv[0m
[ 92%] [34m[1mGenerating Lisp code from easy_handeye/TakeSample.srv[0m
[ 92%] [34m[1mGenerating Python code from SRV easy_handeye/TakeSample[0m
[ 82%] [34m[1mGenerating Python code from SRV easy_handeye/ComputeCalibration[0m
[ 92%] [34m[1mGenerating EusLisp code from easy_handeye/RemoveSample.srv[0m
[ 92%] Built target easy_handeye_generate_messages_lisp
[ 92%] Built target easy_handeye_generate_messages_nodejs
[100%] [34m[1mGenerating Python srv __init__.py for easy_handeye[0m
[100%] [34m[1mGenerating Python msg __init__.py for easy_handeye[0m
[100%] Built target easy_handeye_generate_messages_cpp
[100%] Built target easy_handeye_generate_messages_py
[100%] Built target easy_handeye_generate_messages_eus
[100%] Built target easy_handeye_generate_messages
