Linked: (/home/aubo-fy/aubo_ws/devel/.private/easy_handeye/lib/pkgconfig/easy_handeye.pc, /home/aubo-fy/aubo_ws/devel/lib/pkgconfig/easy_handeye.pc)
Linked: (/home/aubo-fy/aubo_ws/devel/.private/easy_handeye/lib/easy_handeye/calibrate.py, /home/aubo-fy/aubo_ws/devel/lib/easy_handeye/calibrate.py)
Linked: (/home/aubo-fy/aubo_ws/devel/.private/easy_handeye/lib/easy_handeye/handeye_calibration_commander.py, /home/aubo-fy/aubo_ws/devel/lib/easy_handeye/handeye_calibration_commander.py)
Linked: (/home/aubo-fy/aubo_ws/devel/.private/easy_handeye/lib/easy_handeye/publish.py, /home/aubo-fy/aubo_ws/devel/lib/easy_handeye/publish.py)
Linked: (/home/aubo-fy/aubo_ws/devel/.private/easy_handeye/lib/easy_handeye/cmake.lock, /home/aubo-fy/aubo_ws/devel/lib/easy_handeye/cmake.lock)
Linked: (/home/aubo-fy/aubo_ws/devel/.private/easy_handeye/lib/easy_handeye/robot.py, /home/aubo-fy/aubo_ws/devel/lib/easy_handeye/robot.py)
Linked: (/home/aubo-fy/aubo_ws/devel/.private/easy_handeye/lib/python3/dist-packages/easy_handeye/__init__.py, /home/aubo-fy/aubo_ws/devel/lib/python3/dist-packages/easy_handeye/__init__.py)
Symlinking /home/aubo-fy/aubo_ws/devel/lib/python3/dist-packages/easy_handeye/srv/_RemoveSample.py
Symlinking /home/aubo-fy/aubo_ws/devel/lib/python3/dist-packages/easy_handeye/srv/_ComputeCalibration.py
Symlinking /home/aubo-fy/aubo_ws/devel/lib/python3/dist-packages/easy_handeye/srv/_TakeSample.py
Symlinking /home/aubo-fy/aubo_ws/devel/lib/python3/dist-packages/easy_handeye/srv/__init__.py
Symlinking /home/aubo-fy/aubo_ws/devel/lib/python3/dist-packages/easy_handeye/msg/_HandeyeCalibration.py
Symlinking /home/aubo-fy/aubo_ws/devel/lib/python3/dist-packages/easy_handeye/msg/_SampleList.py
Symlinking /home/aubo-fy/aubo_ws/devel/lib/python3/dist-packages/easy_handeye/msg/__init__.py
Symlinking /home/aubo-fy/aubo_ws/devel/include/easy_handeye/ComputeCalibrationRequest.h
Symlinking /home/aubo-fy/aubo_ws/devel/include/easy_handeye/ComputeCalibrationResponse.h
Symlinking /home/aubo-fy/aubo_ws/devel/include/easy_handeye/HandeyeCalibration.h
Symlinking /home/aubo-fy/aubo_ws/devel/include/easy_handeye/TakeSampleResponse.h
Symlinking /home/aubo-fy/aubo_ws/devel/include/easy_handeye/TakeSample.h
Symlinking /home/aubo-fy/aubo_ws/devel/include/easy_handeye/RemoveSampleRequest.h
Symlinking /home/aubo-fy/aubo_ws/devel/include/easy_handeye/TakeSampleRequest.h
Symlinking /home/aubo-fy/aubo_ws/devel/include/easy_handeye/RemoveSampleResponse.h
Symlinking /home/aubo-fy/aubo_ws/devel/include/easy_handeye/ComputeCalibration.h
Symlinking /home/aubo-fy/aubo_ws/devel/include/easy_handeye/SampleList.h
Symlinking /home/aubo-fy/aubo_ws/devel/include/easy_handeye/RemoveSample.h
Symlinking /home/aubo-fy/aubo_ws/devel/share/common-lisp/ros/easy_handeye/srv/_package.lisp
Symlinking /home/aubo-fy/aubo_ws/devel/share/common-lisp/ros/easy_handeye/srv/ComputeCalibration.lisp
Symlinking /home/aubo-fy/aubo_ws/devel/share/common-lisp/ros/easy_handeye/srv/_package_RemoveSample.lisp
Symlinking /home/aubo-fy/aubo_ws/devel/share/common-lisp/ros/easy_handeye/srv/TakeSample.lisp
Symlinking /home/aubo-fy/aubo_ws/devel/share/common-lisp/ros/easy_handeye/srv/_package_ComputeCalibration.lisp
Symlinking /home/aubo-fy/aubo_ws/devel/share/common-lisp/ros/easy_handeye/srv/_package_TakeSample.lisp
Symlinking /home/aubo-fy/aubo_ws/devel/share/common-lisp/ros/easy_handeye/srv/easy_handeye-srv.asd
Symlinking /home/aubo-fy/aubo_ws/devel/share/common-lisp/ros/easy_handeye/srv/RemoveSample.lisp
Symlinking /home/aubo-fy/aubo_ws/devel/share/common-lisp/ros/easy_handeye/msg/easy_handeye-msg.asd
Symlinking /home/aubo-fy/aubo_ws/devel/share/common-lisp/ros/easy_handeye/msg/_package_SampleList.lisp
Symlinking /home/aubo-fy/aubo_ws/devel/share/common-lisp/ros/easy_handeye/msg/_package.lisp
Symlinking /home/aubo-fy/aubo_ws/devel/share/common-lisp/ros/easy_handeye/msg/HandeyeCalibration.lisp
Symlinking /home/aubo-fy/aubo_ws/devel/share/common-lisp/ros/easy_handeye/msg/_package_HandeyeCalibration.lisp
Symlinking /home/aubo-fy/aubo_ws/devel/share/common-lisp/ros/easy_handeye/msg/SampleList.lisp
Symlinking /home/aubo-fy/aubo_ws/devel/share/gennodejs/ros/easy_handeye/_index.js
Symlinking /home/aubo-fy/aubo_ws/devel/share/gennodejs/ros/easy_handeye/srv/RemoveSample.js
Symlinking /home/aubo-fy/aubo_ws/devel/share/gennodejs/ros/easy_handeye/srv/_index.js
Symlinking /home/aubo-fy/aubo_ws/devel/share/gennodejs/ros/easy_handeye/srv/TakeSample.js
Symlinking /home/aubo-fy/aubo_ws/devel/share/gennodejs/ros/easy_handeye/srv/ComputeCalibration.js
Symlinking /home/aubo-fy/aubo_ws/devel/share/gennodejs/ros/easy_handeye/msg/SampleList.js
Symlinking /home/aubo-fy/aubo_ws/devel/share/gennodejs/ros/easy_handeye/msg/_index.js
Symlinking /home/aubo-fy/aubo_ws/devel/share/gennodejs/ros/easy_handeye/msg/HandeyeCalibration.js
Symlinking /home/aubo-fy/aubo_ws/devel/share/roseus/ros/easy_handeye/manifest.l
Symlinking /home/aubo-fy/aubo_ws/devel/share/roseus/ros/easy_handeye/srv/TakeSample.l
Symlinking /home/aubo-fy/aubo_ws/devel/share/roseus/ros/easy_handeye/srv/RemoveSample.l
Symlinking /home/aubo-fy/aubo_ws/devel/share/roseus/ros/easy_handeye/srv/ComputeCalibration.l
Symlinking /home/aubo-fy/aubo_ws/devel/share/roseus/ros/easy_handeye/msg/SampleList.l
Symlinking /home/aubo-fy/aubo_ws/devel/share/roseus/ros/easy_handeye/msg/HandeyeCalibration.l
Linked: (/home/aubo-fy/aubo_ws/devel/.private/easy_handeye/share/easy_handeye/cmake/easy_handeyeConfig-version.cmake, /home/aubo-fy/aubo_ws/devel/share/easy_handeye/cmake/easy_handeyeConfig-version.cmake)
Symlinking /home/aubo-fy/aubo_ws/devel/share/easy_handeye/cmake/easy_handeye-msg-paths.cmake
Linked: (/home/aubo-fy/aubo_ws/devel/.private/easy_handeye/share/easy_handeye/cmake/easy_handeyeConfig.cmake, /home/aubo-fy/aubo_ws/devel/share/easy_handeye/cmake/easy_handeyeConfig.cmake)
Symlinking /home/aubo-fy/aubo_ws/devel/share/easy_handeye/cmake/easy_handeye-msg-extras.cmake
